<testsuites id="" name="" tests="3" failures="3" skipped="0" errors="0" time="42.597744999999996">
<testsuite name="site-status.spec.ts" timestamp="2025-10-17T09:29:20.167Z" hostname="chromium" tests="3" failures="3" skipped="0" time="38.837" errors="0">
<testcase name="Site Status Check › should load the maintenance page" classname="site-status.spec.ts" time="13.481">
<failure message="site-status.spec.ts:4:7 should load the maintenance page" type="FAILURE">
<![CDATA[  [chromium] › site-status.spec.ts:4:7 › Site Status Check › should load the maintenance page ──────

    Test timeout of 10000ms exceeded.

    Error: page.goto: Test timeout of 10000ms exceeded.
    Call log:
      - navigating to "https://app.proliinkconnect.co.za/", waiting until "load"


      4 |   test('should load the maintenance page', async ({ page }) => {
      5 |     // Navigate to the site
    > 6 |     await page.goto('/')
        |                ^
      7 |     
      8 |     // Wait for the page to load
      9 |     await page.waitForLoadState('networkidle')
        at C:\Users\liqui\OneDrive\Desktop\ConnectSA\ConnectSA-k9\tests\e2e\site-status.spec.ts:6:16

    attachment #1: screenshot (image/png) ──────────────────────────────────────────────────────────
    ..\..\test-results\site-status-Site-Status-Ch-f806e-d-load-the-maintenance-page-chromium\test-failed-1.png
    ────────────────────────────────────────────────────────────────────────────────────────────────

    attachment #2: video (video/webm) ──────────────────────────────────────────────────────────────
    ..\..\test-results\site-status-Site-Status-Ch-f806e-d-load-the-maintenance-page-chromium\video.webm
    ────────────────────────────────────────────────────────────────────────────────────────────────

    Error Context: ..\..\test-results\site-status-Site-Status-Ch-f806e-d-load-the-maintenance-page-chromium\error-context.md
]]>
</failure>
<system-out>
<![CDATA[
[[ATTACHMENT|site-status-Site-Status-Ch-f806e-d-load-the-maintenance-page-chromium\test-failed-1.png]]

[[ATTACHMENT|site-status-Site-Status-Ch-f806e-d-load-the-maintenance-page-chromium\video.webm]]

[[ATTACHMENT|site-status-Site-Status-Ch-f806e-d-load-the-maintenance-page-chromium\error-context.md]]
]]>
</system-out>
</testcase>
<testcase name="Site Status Check › should display contact information" classname="site-status.spec.ts" time="13.564">
<failure message="site-status.spec.ts:20:7 should display contact information" type="FAILURE">
<![CDATA[  [chromium] › site-status.spec.ts:20:7 › Site Status Check › should display contact information ───

    Test timeout of 10000ms exceeded.

    Error: page.goto: Test timeout of 10000ms exceeded.
    Call log:
      - navigating to "https://app.proliinkconnect.co.za/", waiting until "load"


      19 |
      20 |   test('should display contact information', async ({ page }) => {
    > 21 |     await page.goto('/')
         |                ^
      22 |     await page.waitForLoadState('networkidle')
      23 |     
      24 |     // Check contact information
        at C:\Users\liqui\OneDrive\Desktop\ConnectSA\ConnectSA-k9\tests\e2e\site-status.spec.ts:21:16

    attachment #1: screenshot (image/png) ──────────────────────────────────────────────────────────
    ..\..\test-results\site-status-Site-Status-Ch-15c2a-display-contact-information-chromium\test-failed-1.png
    ────────────────────────────────────────────────────────────────────────────────────────────────

    attachment #2: video (video/webm) ──────────────────────────────────────────────────────────────
    ..\..\test-results\site-status-Site-Status-Ch-15c2a-display-contact-information-chromium\video.webm
    ────────────────────────────────────────────────────────────────────────────────────────────────

    Error Context: ..\..\test-results\site-status-Site-Status-Ch-15c2a-display-contact-information-chromium\error-context.md
]]>
</failure>
<system-out>
<![CDATA[
[[ATTACHMENT|site-status-Site-Status-Ch-15c2a-display-contact-information-chromium\test-failed-1.png]]

[[ATTACHMENT|site-status-Site-Status-Ch-15c2a-display-contact-information-chromium\video.webm]]

[[ATTACHMENT|site-status-Site-Status-Ch-15c2a-display-contact-information-chromium\error-context.md]]
]]>
</system-out>
</testcase>
<testcase name="Site Status Check › should be responsive on mobile" classname="site-status.spec.ts" time="11.792">
<failure message="site-status.spec.ts:29:7 should be responsive on mobile" type="FAILURE">
<![CDATA[  [chromium] › site-status.spec.ts:29:7 › Site Status Check › should be responsive on mobile ───────

    Test timeout of 10000ms exceeded.

    Error: expect(locator).toBeVisible() failed

    Locator:  locator('text=Platform Under Maintenance')
    Expected: visible
    Received: undefined

    Call log:
      - Expect "toBeVisible" with timeout 5000ms
      - waiting for locator('text=Platform Under Maintenance')


      35 |     
      36 |     // Check if maintenance page is still visible on mobile
    > 37 |     await expect(page.locator('text=Platform Under Maintenance')).toBeVisible()
         |                                                                   ^
      38 |   })
      39 | })
      40 |
        at C:\Users\liqui\OneDrive\Desktop\ConnectSA\ConnectSA-k9\tests\e2e\site-status.spec.ts:37:67

    attachment #1: screenshot (image/png) ──────────────────────────────────────────────────────────
    ..\..\test-results\site-status-Site-Status-Check-should-be-responsive-on-mobile-chromium\test-failed-1.png
    ────────────────────────────────────────────────────────────────────────────────────────────────

    attachment #2: video (video/webm) ──────────────────────────────────────────────────────────────
    ..\..\test-results\site-status-Site-Status-Check-should-be-responsive-on-mobile-chromium\video.webm
    ────────────────────────────────────────────────────────────────────────────────────────────────

    Error Context: ..\..\test-results\site-status-Site-Status-Check-should-be-responsive-on-mobile-chromium\error-context.md
]]>
</failure>
<system-out>
<![CDATA[
[[ATTACHMENT|site-status-Site-Status-Check-should-be-responsive-on-mobile-chromium\test-failed-1.png]]

[[ATTACHMENT|site-status-Site-Status-Check-should-be-responsive-on-mobile-chromium\video.webm]]

[[ATTACHMENT|site-status-Site-Status-Check-should-be-responsive-on-mobile-chromium\error-context.md]]
]]>
</system-out>
</testcase>
</testsuite>
</testsuites>