TN:
SF:components\client-root.tsx
FN:7,(anonymous_16)
FN:7,(anonymous_17)
FN:27,HydrationProbe
FN:28,(anonymous_19)
FN:48,(anonymous_20)
FN:53,(anonymous_21)
FN:61,(anonymous_22)
FN:91,(anonymous_23)
FN:129,(anonymous_24)
FN:147,ClientRoot
FNF:10
FNH:0
FNDA:0,(anonymous_16)
FNDA:0,(anonymous_17)
FNDA:0,HydrationProbe
FNDA:0,(anonymous_19)
FNDA:0,(anonymous_20)
FNDA:0,(anonymous_21)
FNDA:0,(anonymous_22)
FNDA:0,(anonymous_23)
FNDA:0,(anonymous_24)
FNDA:0,ClientRoot
DA:3,0
DA:4,0
DA:7,0
DA:8,0
DA:9,0
DA:22,0
DA:28,0
DA:29,0
DA:30,0
DA:33,0
DA:49,0
DA:50,0
DA:54,0
DA:62,0
DA:63,0
DA:64,0
DA:65,0
DA:66,0
DA:67,0
DA:70,0
DA:71,0
DA:74,0
DA:85,0
DA:92,0
DA:93,0
DA:129,0
DA:139,0
DA:147,0
DA:148,0
LF:29
LH:0
BRDA:92,0,0,0
BRDA:106,1,0,0
BRDA:106,1,1,0
BRDA:106,2,0,0
BRDA:106,2,1,0
BRDA:109,3,0,0
BRDA:109,3,1,0
BRDA:109,4,0,0
BRDA:109,4,1,0
BRDA:115,5,0,0
BRDA:115,5,1,0
BRDA:119,6,0,0
BRDA:119,6,1,0
BRDA:119,7,0,0
BRDA:119,7,1,0
BRDA:123,8,0,0
BRDA:123,8,1,0
BRDA:123,9,0,0
BRDA:123,9,1,0
BRF:19
BRH:0
end_of_record
TN:
SF:components\review-section.tsx
FN:19,ReviewSection
FN:23,(anonymous_8)
FN:23,(anonymous_9)
FN:51,(anonymous_10)
FNF:4
FNH:0
FNDA:0,ReviewSection
FNDA:0,(anonymous_8)
FNDA:0,(anonymous_9)
FNDA:0,(anonymous_10)
DA:3,0
DA:4,0
DA:5,0
DA:19,0
DA:20,0
DA:21,0
DA:23,0
DA:24,0
DA:25,0
DA:26,0
DA:32,0
DA:33,0
DA:34,0
DA:36,0
DA:37,0
DA:40,0
DA:42,0
DA:46,0
DA:47,0
DA:52,0
DA:65,0
LF:21
LH:0
BRDA:21,0,0,0
BRDA:21,0,1,0
BRDA:32,1,0,0
BRDA:32,1,1,0
BRDA:37,2,0,0
BRDA:37,2,1,0
BRDA:46,3,0,0
BRDA:58,4,0,0
BRDA:58,4,1,0
BRF:9
BRH:0
end_of_record
TN:
SF:components\test-payment-flow.tsx
FN:20,TestPaymentFlow
FN:38,(anonymous_8)
FN:41,(anonymous_9)
FN:45,(anonymous_10)
FN:50,(anonymous_11)
FN:62,(anonymous_12)
FN:62,(anonymous_13)
FN:73,(anonymous_14)
FN:82,(anonymous_15)
FN:87,(anonymous_16)
FN:100,(anonymous_17)
FN:100,(anonymous_18)
FN:110,(anonymous_19)
FN:116,(anonymous_20)
FN:121,(anonymous_21)
FN:134,(anonymous_22)
FN:134,(anonymous_23)
FN:144,(anonymous_24)
FN:152,(anonymous_25)
FN:160,(anonymous_26)
FN:173,(anonymous_27)
FN:173,(anonymous_28)
FN:184,(anonymous_29)
FN:193,(anonymous_30)
FN:204,(anonymous_31)
FN:217,(anonymous_32)
FN:259,(anonymous_33)
FN:269,(anonymous_34)
FN:346,(anonymous_35)
FNF:29
FNH:0
FNDA:0,TestPaymentFlow
FNDA:0,(anonymous_8)
FNDA:0,(anonymous_9)
FNDA:0,(anonymous_10)
FNDA:0,(anonymous_11)
FNDA:0,(anonymous_12)
FNDA:0,(anonymous_13)
FNDA:0,(anonymous_14)
FNDA:0,(anonymous_15)
FNDA:0,(anonymous_16)
FNDA:0,(anonymous_17)
FNDA:0,(anonymous_18)
FNDA:0,(anonymous_19)
FNDA:0,(anonymous_20)
FNDA:0,(anonymous_21)
FNDA:0,(anonymous_22)
FNDA:0,(anonymous_23)
FNDA:0,(anonymous_24)
FNDA:0,(anonymous_25)
FNDA:0,(anonymous_26)
FNDA:0,(anonymous_27)
FNDA:0,(anonymous_28)
FNDA:0,(anonymous_29)
FNDA:0,(anonymous_30)
FNDA:0,(anonymous_31)
FNDA:0,(anonymous_32)
FNDA:0,(anonymous_33)
FNDA:0,(anonymous_34)
FNDA:0,(anonymous_35)
DA:3,0
DA:4,0
DA:5,0
DA:6,0
DA:7,0
DA:8,0
DA:20,0
DA:21,0
DA:22,0
DA:23,0
DA:24,0
DA:36,0
DA:38,0
DA:39,0
DA:40,0
DA:41,0
DA:42,0
DA:45,0
DA:46,0
DA:47,0
DA:50,0
DA:51,0
DA:57,0
DA:58,0
DA:62,0
DA:63,0
DA:64,0
DA:65,0
DA:68,0
DA:69,0
DA:70,0
DA:73,0
DA:74,0
DA:75,0
DA:76,0
DA:79,0
DA:81,0
DA:82,0
DA:83,0
DA:86,0
DA:87,0
DA:92,0
DA:94,0
DA:100,0
DA:101,0
DA:102,0
DA:103,0
DA:106,0
DA:107,0
DA:108,0
DA:110,0
DA:111,0
DA:112,0
DA:113,0
DA:115,0
DA:116,0
DA:117,0
DA:120,0
DA:121,0
DA:126,0
DA:128,0
DA:134,0
DA:135,0
DA:136,0
DA:137,0
DA:140,0
DA:141,0
DA:142,0
DA:144,0
DA:145,0
DA:146,0
DA:147,0
DA:149,0
DA:150,0
DA:151,0
DA:152,0
DA:153,0
DA:155,0
DA:159,0
DA:160,0
DA:165,0
DA:167,0
DA:173,0
DA:174,0
DA:175,0
DA:176,0
DA:179,0
DA:180,0
DA:181,0
DA:184,0
DA:185,0
DA:186,0
DA:187,0
DA:190,0
DA:192,0
DA:193,0
DA:196,0
DA:197,0
DA:199,0
DA:200,0
DA:201,0
DA:203,0
DA:204,0
DA:207,0
DA:208,0
DA:210,0
DA:211,0
DA:212,0
DA:214,0
DA:215,0
DA:216,0
DA:217,0
DA:218,0
DA:220,0
DA:224,0
DA:225,0
DA:226,0
DA:230,0
DA:235,0
DA:259,0
DA:269,0
DA:347,0
LF:122
LH:0
BRDA:63,0,0,0
BRDA:101,1,0,0
BRDA:135,2,0,0
BRDA:149,3,0,0
BRDA:149,3,1,0
BRDA:174,4,0,0
BRDA:214,5,0,0
BRDA:214,5,1,0
BRDA:240,6,0,0
BRDA:240,6,1,0
BRDA:269,7,0,0
BRDA:269,7,1,0
BRDA:316,8,0,0
BRDA:316,8,1,0
BRDA:318,9,0,0
BRDA:318,9,1,0
BRDA:319,10,0,0
BRDA:319,10,1,0
BRDA:322,11,0,0
BRDA:322,11,1,0
BRDA:324,12,0,0
BRDA:324,12,1,0
BRDA:325,13,0,0
BRDA:325,13,1,0
BRDA:328,14,0,0
BRDA:328,14,1,0
BRDA:330,15,0,0
BRDA:330,15,1,0
BRDA:331,16,0,0
BRDA:331,16,1,0
BRDA:343,17,0,0
BRDA:343,17,1,0
BRF:32
BRH:0
end_of_record
TN:
SF:components\theme-provider.tsx
FN:9,ThemeProvider
FNF:1
FNH:0
FNDA:0,ThemeProvider
DA:3,0
DA:4,0
DA:9,0
DA:10,0
LF:4
LH:0
BRF:0
BRH:0
end_of_record
TN:
SF:components\admin\admin-analytics.tsx
FN:41,AdminAnalytics
FN:60,(anonymous_8)
FN:64,(anonymous_9)
FN:64,(anonymous_10)
FN:87,(anonymous_11)
FN:97,(anonymous_12)
FN:101,(anonymous_13)
FN:161,(anonymous_14)
FN:168,(anonymous_15)
FN:175,(anonymous_16)
FN:182,(anonymous_17)
FNF:11
FNH:0
FNDA:0,AdminAnalytics
FNDA:0,(anonymous_8)
FNDA:0,(anonymous_9)
FNDA:0,(anonymous_10)
FNDA:0,(anonymous_11)
FNDA:0,(anonymous_12)
FNDA:0,(anonymous_13)
FNDA:0,(anonymous_14)
FNDA:0,(anonymous_15)
FNDA:0,(anonymous_16)
FNDA:0,(anonymous_17)
DA:3,0
DA:4,0
DA:5,0
DA:6,0
DA:7,0
DA:8,0
DA:9,0
DA:10,0
DA:23,0
DA:41,0
DA:42,0
DA:57,0
DA:58,0
DA:60,0
DA:61,0
DA:64,0
DA:65,0
DA:66,0
DA:69,0
DA:71,0
DA:72,0
DA:73,0
DA:75,0
DA:76,0
DA:80,0
DA:81,0
DA:83,0
DA:87,0
DA:88,0
DA:89,0
DA:97,0
DA:98,0
DA:101,0
DA:102,0
DA:105,0
DA:106,0
DA:121,0
DA:161,0
DA:168,0
DA:175,0
DA:182,0
LF:41
LH:0
BRDA:71,0,0,0
BRDA:71,0,1,0
BRDA:90,1,0,0
BRDA:90,1,1,0
BRDA:92,2,0,0
BRDA:92,2,1,0
BRDA:98,3,0,0
BRDA:98,3,1,0
BRDA:102,4,0,0
BRDA:102,4,1,0
BRDA:105,5,0,0
BRDA:159,6,0,0
BRDA:159,6,1,0
BRDA:166,7,0,0
BRDA:166,7,1,0
BRDA:173,8,0,0
BRDA:173,8,1,0
BRDA:180,9,0,0
BRDA:180,9,1,0
BRF:19
BRH:0
end_of_record
TN:
SF:components\admin\admin-audit-logs-enhanced.tsx
FN:49,AdminAuditLogsEnhanced
FN:62,(anonymous_8)
FN:62,(anonymous_9)
FN:102,(anonymous_10)
FN:106,(anonymous_11)
FN:111,(anonymous_12)
FN:116,(anonymous_13)
FN:121,(anonymous_14)
FN:126,(anonymous_15)
FN:131,(anonymous_16)
FN:135,(anonymous_17)
FN:135,(anonymous_18)
FN:168,(anonymous_19)
FN:186,(anonymous_20)
FN:202,(anonymous_21)
FN:207,(anonymous_22)
FN:277,(anonymous_23)
FN:366,(anonymous_24)
FN:410,(anonymous_25)
FN:433,(anonymous_26)
FN:441,(anonymous_27)
FNF:21
FNH:0
FNDA:0,AdminAuditLogsEnhanced
FNDA:0,(anonymous_8)
FNDA:0,(anonymous_9)
FNDA:0,(anonymous_10)
FNDA:0,(anonymous_11)
FNDA:0,(anonymous_12)
FNDA:0,(anonymous_13)
FNDA:0,(anonymous_14)
FNDA:0,(anonymous_15)
FNDA:0,(anonymous_16)
FNDA:0,(anonymous_17)
FNDA:0,(anonymous_18)
FNDA:0,(anonymous_19)
FNDA:0,(anonymous_20)
FNDA:0,(anonymous_21)
FNDA:0,(anonymous_22)
FNDA:0,(anonymous_23)
FNDA:0,(anonymous_24)
FNDA:0,(anonymous_25)
FNDA:0,(anonymous_26)
FNDA:0,(anonymous_27)
DA:3,0
DA:4,0
DA:5,0
DA:6,0
DA:7,0
DA:8,0
DA:9,0
DA:10,0
DA:11,0
DA:27,0
DA:49,0
DA:50,0
DA:51,0
DA:52,0
DA:53,0
DA:54,0
DA:55,0
DA:56,0
DA:57,0
DA:58,0
DA:59,0
DA:60,0
DA:62,0
DA:63,0
DA:64,0
DA:67,0
DA:68,0
DA:69,0
DA:72,0
DA:82,0
DA:84,0
DA:85,0
DA:86,0
DA:87,0
DA:88,0
DA:90,0
DA:91,0
DA:94,0
DA:95,0
DA:97,0
DA:98,0
DA:102,0
DA:103,0
DA:106,0
DA:107,0
DA:108,0
DA:111,0
DA:112,0
DA:113,0
DA:116,0
DA:117,0
DA:118,0
DA:121,0
DA:122,0
DA:123,0
DA:126,0
DA:127,0
DA:128,0
DA:131,0
DA:132,0
DA:135,0
DA:136,0
DA:137,0
DA:146,0
DA:148,0
DA:149,0
DA:150,0
DA:151,0
DA:152,0
DA:153,0
DA:154,0
DA:155,0
DA:156,0
DA:157,0
DA:158,0
DA:160,0
DA:163,0
DA:164,0
DA:168,0
DA:169,0
DA:175,0
DA:176,0
DA:178,0
DA:186,0
DA:187,0
DA:194,0
DA:195,0
DA:202,0
DA:203,0
DA:204,0
DA:207,0
DA:208,0
DA:209,0
DA:212,0
DA:213,0
DA:231,0
DA:277,0
DA:367,0
DA:410,0
DA:433,0
DA:441,0
LF:101
LH:0
BRDA:62,0,0,0
BRDA:67,1,0,0
BRDA:76,2,0,0
BRDA:76,2,1,0
BRDA:77,3,0,0
BRDA:77,3,1,0
BRDA:78,4,0,0
BRDA:78,4,1,0
BRDA:84,5,0,0
BRDA:84,5,1,0
BRDA:86,6,0,0
BRDA:86,6,1,0
BRDA:87,7,0,0
BRDA:87,7,1,0
BRDA:87,8,0,0
BRDA:87,8,1,0
BRDA:87,9,0,0
BRDA:87,9,1,0
BRDA:88,10,0,0
BRDA:88,10,1,0
BRDA:88,11,0,0
BRDA:88,11,1,0
BRDA:88,12,0,0
BRDA:88,12,1,0
BRDA:139,13,0,0
BRDA:139,13,1,0
BRDA:140,14,0,0
BRDA:140,14,1,0
BRDA:141,15,0,0
BRDA:141,15,1,0
BRDA:148,16,0,0
BRDA:148,16,1,0
BRDA:175,17,0,0
BRDA:175,17,1,0
BRDA:194,18,0,0
BRDA:194,18,1,0
BRDA:203,19,0,0
BRDA:207,20,0,0
BRDA:208,21,0,0
BRDA:212,22,0,0
BRDA:261,23,0,0
BRDA:261,23,1,0
BRDA:342,24,0,0
BRDA:342,24,1,0
BRDA:386,25,0,0
BRDA:386,25,1,0
BRDA:410,26,0,0
BRDA:410,26,1,0
BRDA:410,27,0,0
BRDA:410,27,1,0
BRDA:424,28,0,0
BRDA:424,28,1,0
BRF:52
BRH:0
end_of_record
TN:
SF:components\admin\admin-audit-logs.tsx
FN:53,AdminAuditLogs
FN:67,(anonymous_8)
FN:71,(anonymous_9)
FN:71,(anonymous_10)
FN:99,(anonymous_11)
FN:120,(anonymous_12)
FN:147,(anonymous_13)
FN:154,(anonymous_14)
FN:185,(anonymous_15)
FN:185,(anonymous_16)
FN:191,(anonymous_17)
FN:202,(anonymous_18)
FN:202,(anonymous_19)
FN:221,(anonymous_20)
FN:221,(anonymous_21)
FN:230,(anonymous_22)
FN:230,(anonymous_23)
FN:237,(anonymous_24)
FN:268,(anonymous_25)
FN:276,(anonymous_26)
FN:293,(anonymous_27)
FN:338,(anonymous_28)
FN:349,(anonymous_29)
FNF:23
FNH:0
FNDA:0,AdminAuditLogs
FNDA:0,(anonymous_8)
FNDA:0,(anonymous_9)
FNDA:0,(anonymous_10)
FNDA:0,(anonymous_11)
FNDA:0,(anonymous_12)
FNDA:0,(anonymous_13)
FNDA:0,(anonymous_14)
FNDA:0,(anonymous_15)
FNDA:0,(anonymous_16)
FNDA:0,(anonymous_17)
FNDA:0,(anonymous_18)
FNDA:0,(anonymous_19)
FNDA:0,(anonymous_20)
FNDA:0,(anonymous_21)
FNDA:0,(anonymous_22)
FNDA:0,(anonymous_23)
FNDA:0,(anonymous_24)
FNDA:0,(anonymous_25)
FNDA:0,(anonymous_26)
FNDA:0,(anonymous_27)
FNDA:0,(anonymous_28)
FNDA:0,(anonymous_29)
DA:3,0
DA:4,0
DA:5,0
DA:6,0
DA:7,0
DA:8,0
DA:9,0
DA:27,0
DA:53,0
DA:54,0
DA:55,0
DA:56,0
DA:57,0
DA:58,0
DA:59,0
DA:67,0
DA:68,0
DA:71,0
DA:72,0
DA:73,0
DA:74,0
DA:79,0
DA:80,0
DA:81,0
DA:82,0
DA:83,0
DA:85,0
DA:86,0
DA:87,0
DA:88,0
DA:89,0
DA:90,0
DA:93,0
DA:95,0
DA:99,0
DA:100,0
DA:116,0
DA:117,0
DA:120,0
DA:121,0
DA:137,0
DA:139,0
DA:147,0
DA:148,0
DA:150,0
DA:151,0
DA:152,0
DA:155,0
DA:162,0
DA:166,0
DA:167,0
DA:177,0
DA:185,0
DA:192,0
DA:202,0
DA:221,0
DA:230,0
DA:238,0
DA:245,0
DA:268,0
DA:276,0
DA:294,0
DA:338,0
DA:349,0
LF:64
LH:0
BRDA:79,0,0,0
BRDA:80,1,0,0
BRDA:81,2,0,0
BRDA:82,3,0,0
BRDA:83,4,0,0
BRDA:86,5,0,0
BRDA:116,6,0,0
BRDA:116,6,1,0
BRDA:137,7,0,0
BRDA:137,7,1,0
BRDA:148,8,0,0
BRDA:151,9,0,0
BRDA:151,9,1,0
BRDA:166,10,0,0
BRDA:310,11,0,0
BRDA:310,11,1,0
BRDA:313,12,0,0
BRDA:313,12,1,0
BRDA:324,13,0,0
BRDA:324,13,1,0
BRDA:332,14,0,0
BRDA:332,14,1,0
BRF:22
BRH:0
end_of_record
TN:
SF:components\admin\admin-booking-overview.tsx
FN:14,AdminBookingOverview
FN:27,(anonymous_1)
FNF:2
FNH:0
FNDA:0,AdminBookingOverview
FNDA:0,(anonymous_1)
DA:3,0
DA:4,0
DA:5,0
DA:14,0
DA:21,0
DA:22,0
DA:23,0
DA:24,0
DA:27,0
DA:28,0
DA:29,0
DA:30,0
DA:31,0
DA:32,0
DA:34,0
DA:35,0
DA:36,0
DA:37,0
DA:41,0
DA:42,0
DA:44,0
DA:45,0
DA:47,0
LF:23
LH:0
BRDA:21,0,0,0
BRDA:21,0,1,0
BRDA:22,1,0,0
BRDA:22,1,1,0
BRDA:24,2,0,0
BRDA:24,2,1,0
BRDA:28,3,0,0
BRDA:28,3,1,0
BRDA:29,4,0,0
BRDA:30,5,0,0
BRDA:31,6,0,0
BRDA:34,7,0,0
BRDA:35,8,0,0
BRDA:36,9,0,0
BRDA:111,10,0,0
BRDA:111,10,1,0
BRDA:112,11,0,0
BRDA:112,11,1,0
BRDA:113,12,0,0
BRDA:113,12,1,0
BRDA:114,13,0,0
BRDA:114,13,1,0
BRDA:139,14,0,0
BRDA:139,14,1,0
BRDA:140,15,0,0
BRDA:140,15,1,0
BRDA:141,16,0,0
BRDA:141,16,1,0
BRDA:142,17,0,0
BRDA:142,17,1,0
BRDA:205,18,0,0
BRDA:205,18,1,0
BRDA:211,19,0,0
BRDA:211,19,1,0
BRDA:217,20,0,0
BRDA:217,20,1,0
BRDA:223,21,0,0
BRDA:223,21,1,0
BRF:38
BRH:0
end_of_record
TN:
SF:components\admin\admin-payment-management-page.tsx
FN:57,AdminPaymentManagementPage
FN:64,(anonymous_8)
FN:68,(anonymous_9)
FN:72,(anonymous_10)
FN:72,(anonymous_11)
FN:90,(anonymous_12)
FN:95,(anonymous_13)
FN:105,(anonymous_14)
FN:111,(anonymous_15)
FN:133,(anonymous_16)
FN:136,(anonymous_17)
FN:137,(anonymous_18)
FN:138,(anonymous_19)
FN:139,(anonymous_20)
FN:217,(anonymous_21)
FN:226,(anonymous_22)
FN:233,(anonymous_23)
FN:240,(anonymous_24)
FN:247,(anonymous_25)
FN:275,(anonymous_26)
FNF:20
FNH:0
FNDA:0,AdminPaymentManagementPage
FNDA:0,(anonymous_8)
FNDA:0,(anonymous_9)
FNDA:0,(anonymous_10)
FNDA:0,(anonymous_11)
FNDA:0,(anonymous_12)
FNDA:0,(anonymous_13)
FNDA:0,(anonymous_14)
FNDA:0,(anonymous_15)
FNDA:0,(anonymous_16)
FNDA:0,(anonymous_17)
FNDA:0,(anonymous_18)
FNDA:0,(anonymous_19)
FNDA:0,(anonymous_20)
FNDA:0,(anonymous_21)
FNDA:0,(anonymous_22)
FNDA:0,(anonymous_23)
FNDA:0,(anonymous_24)
FNDA:0,(anonymous_25)
FNDA:0,(anonymous_26)
DA:3,0
DA:4,0
DA:5,0
DA:6,0
DA:7,0
DA:8,0
DA:9,0
DA:10,0
DA:11,0
DA:24,0
DA:57,0
DA:58,0
DA:59,0
DA:60,0
DA:61,0
DA:62,0
DA:64,0
DA:65,0
DA:68,0
DA:69,0
DA:72,0
DA:73,0
DA:74,0
DA:75,0
DA:76,0
DA:77,0
DA:78,0
DA:80,0
DA:83,0
DA:84,0
DA:86,0
DA:90,0
DA:91,0
DA:94,0
DA:95,0
DA:96,0
DA:104,0
DA:105,0
DA:108,0
DA:111,0
DA:112,0
DA:122,0
DA:123,0
DA:125,0
DA:133,0
DA:134,0
DA:136,0
DA:137,0
DA:138,0
DA:139,0
DA:143,0
DA:145,0
DA:146,0
DA:161,0
DA:217,0
DA:226,0
DA:233,0
DA:240,0
DA:247,0
DA:276,0
LF:60
LH:0
BRDA:76,0,0,0
BRDA:76,0,1,0
BRDA:94,1,0,0
BRDA:96,2,0,0
BRDA:96,2,1,0
BRDA:96,2,2,0
BRDA:96,2,3,0
BRDA:104,3,0,0
BRDA:122,4,0,0
BRDA:122,4,1,0
BRDA:137,5,0,0
BRDA:137,5,1,0
BRDA:145,6,0,0
BRDA:224,7,0,0
BRDA:224,7,1,0
BRDA:231,8,0,0
BRDA:231,8,1,0
BRDA:238,9,0,0
BRDA:238,9,1,0
BRDA:245,10,0,0
BRDA:245,10,1,0
BRDA:292,11,0,0
BRDA:292,11,1,0
BRDA:296,12,0,0
BRDA:296,12,1,0
BRDA:314,13,0,0
BRDA:314,13,1,0
BRF:27
BRH:0
end_of_record
TN:
SF:components\admin\admin-payment-management.tsx
FN:25,AdminPaymentManagement
FN:33,(anonymous_17)
FN:33,(anonymous_18)
FN:59,(anonymous_19)
FN:59,(anonymous_20)
FN:73,(anonymous_21)
FN:87,(anonymous_22)
FN:95,(anonymous_23)
FN:96,(anonymous_24)
FN:106,(anonymous_25)
FN:109,(anonymous_26)
FN:119,(anonymous_27)
FNF:12
FNH:0
FNDA:0,AdminPaymentManagement
FNDA:0,(anonymous_17)
FNDA:0,(anonymous_18)
FNDA:0,(anonymous_19)
FNDA:0,(anonymous_20)
FNDA:0,(anonymous_21)
FNDA:0,(anonymous_22)
FNDA:0,(anonymous_23)
FNDA:0,(anonymous_24)
FNDA:0,(anonymous_25)
FNDA:0,(anonymous_26)
FNDA:0,(anonymous_27)
DA:3,0
DA:4,0
DA:5,0
DA:6,0
DA:7,0
DA:8,0
DA:9,0
DA:10,0
DA:25,0
DA:26,0
DA:27,0
DA:28,0
DA:29,0
DA:30,0
DA:33,0
DA:34,0
DA:35,0
DA:38,0
DA:39,0
DA:40,0
DA:43,0
DA:45,0
DA:46,0
DA:47,0
DA:49,0
DA:52,0
DA:54,0
DA:59,0
DA:60,0
DA:61,0
DA:62,0
DA:67,0
DA:68,0
DA:69,0
DA:70,0
DA:73,0
DA:75,0
DA:76,0
DA:79,0
DA:80,0
DA:82,0
DA:87,0
DA:89,0
DA:90,0
DA:95,0
DA:96,0
DA:97,0
DA:101,0
DA:104,0
DA:106,0
DA:109,0
DA:110,0
DA:111,0
DA:112,0
DA:113,0
DA:114,0
DA:115,0
DA:119,0
DA:120,0
DA:121,0
DA:122,0
DA:123,0
DA:124,0
DA:125,0
DA:129,0
LF:65
LH:0
BRDA:38,0,0,0
BRDA:45,1,0,0
BRDA:45,1,1,0
BRDA:67,2,0,0
BRDA:67,2,1,0
BRDA:89,3,0,0
BRDA:110,4,0,0
BRDA:110,4,1,0
BRDA:110,4,2,0
BRDA:110,4,3,0
BRDA:110,4,4,0
BRDA:120,5,0,0
BRDA:120,5,1,0
BRDA:120,5,2,0
BRDA:120,5,3,0
BRDA:120,5,4,0
BRDA:144,6,0,0
BRDA:144,6,1,0
BRDA:152,7,0,0
BRDA:152,7,1,0
BRDA:161,8,0,0
BRDA:161,8,1,0
BRDA:182,9,0,0
BRDA:182,9,1,0
BRDA:200,10,0,0
BRDA:200,10,1,0
BRDA:200,11,0,0
BRDA:200,11,1,0
BRDA:200,12,0,0
BRDA:200,12,1,0
BRDA:200,13,0,0
BRDA:200,13,1,0
BRDA:220,14,0,0
BRDA:220,14,1,0
BRDA:220,15,0,0
BRDA:220,15,1,0
BRDA:220,16,0,0
BRDA:220,16,1,0
BRDA:223,17,0,0
BRDA:223,17,1,0
BRDA:228,18,0,0
BRDA:228,18,1,0
BRDA:228,19,0,0
BRDA:228,19,1,0
BRDA:228,20,0,0
BRDA:228,20,1,0
BRDA:228,21,0,0
BRDA:228,21,1,0
BRDA:237,22,0,0
BRDA:237,22,1,0
BRF:50
BRH:0
end_of_record
TN:
SF:components\admin\admin-provider-management-enhanced.tsx
FN:48,AdminProviderManagementEnhanced
FN:60,(anonymous_8)
FN:60,(anonymous_9)
FN:98,(anonymous_10)
FN:102,(anonymous_11)
FN:107,(anonymous_12)
FN:112,(anonymous_13)
FN:117,(anonymous_14)
FN:121,(anonymous_15)
FN:121,(anonymous_16)
FN:155,(anonymous_17)
FN:174,(anonymous_18)
FN:190,(anonymous_19)
FN:195,(anonymous_20)
FN:202,(anonymous_21)
FN:211,(anonymous_22)
FN:224,(anonymous_23)
FN:240,(anonymous_24)
FN:256,(anonymous_25)
FN:323,(anonymous_26)
FN:378,(anonymous_27)
FN:417,(anonymous_28)
FN:442,(anonymous_29)
FN:450,(anonymous_30)
FNF:24
FNH:0
FNDA:0,AdminProviderManagementEnhanced
FNDA:0,(anonymous_8)
FNDA:0,(anonymous_9)
FNDA:0,(anonymous_10)
FNDA:0,(anonymous_11)
FNDA:0,(anonymous_12)
FNDA:0,(anonymous_13)
FNDA:0,(anonymous_14)
FNDA:0,(anonymous_15)
FNDA:0,(anonymous_16)
FNDA:0,(anonymous_17)
FNDA:0,(anonymous_18)
FNDA:0,(anonymous_19)
FNDA:0,(anonymous_20)
FNDA:0,(anonymous_21)
FNDA:0,(anonymous_22)
FNDA:0,(anonymous_23)
FNDA:0,(anonymous_24)
FNDA:0,(anonymous_25)
FNDA:0,(anonymous_26)
FNDA:0,(anonymous_27)
FNDA:0,(anonymous_28)
FNDA:0,(anonymous_29)
FNDA:0,(anonymous_30)
DA:3,0
DA:4,0
DA:5,0
DA:6,0
DA:7,0
DA:8,0
DA:9,0
DA:10,0
DA:11,0
DA:29,0
DA:48,0
DA:49,0
DA:50,0
DA:51,0
DA:52,0
DA:53,0
DA:54,0
DA:55,0
DA:56,0
DA:57,0
DA:58,0
DA:60,0
DA:61,0
DA:62,0
DA:65,0
DA:66,0
DA:67,0
DA:70,0
DA:78,0
DA:80,0
DA:81,0
DA:82,0
DA:83,0
DA:84,0
DA:86,0
DA:87,0
DA:90,0
DA:91,0
DA:93,0
DA:94,0
DA:98,0
DA:99,0
DA:102,0
DA:103,0
DA:104,0
DA:107,0
DA:108,0
DA:109,0
DA:112,0
DA:113,0
DA:114,0
DA:117,0
DA:118,0
DA:121,0
DA:122,0
DA:123,0
DA:125,0
DA:137,0
DA:138,0
DA:139,0
DA:142,0
DA:144,0
DA:145,0
DA:148,0
DA:149,0
DA:151,0
DA:155,0
DA:156,0
DA:163,0
DA:164,0
DA:166,0
DA:174,0
DA:175,0
DA:182,0
DA:183,0
DA:190,0
DA:191,0
DA:192,0
DA:195,0
DA:196,0
DA:202,0
DA:203,0
DA:205,0
DA:206,0
DA:211,0
DA:219,0
DA:224,0
DA:234,0
DA:235,0
DA:240,0
DA:250,0
DA:251,0
DA:256,0
DA:266,0
DA:269,0
DA:270,0
DA:288,0
DA:323,0
DA:379,0
DA:417,0
DA:442,0
DA:450,0
LF:102
LH:0
BRDA:60,0,0,0
BRDA:65,1,0,0
BRDA:74,2,0,0
BRDA:74,2,1,0
BRDA:75,3,0,0
BRDA:75,3,1,0
BRDA:80,4,0,0
BRDA:80,4,1,0
BRDA:82,5,0,0
BRDA:82,5,1,0
BRDA:83,6,0,0
BRDA:83,6,1,0
BRDA:83,7,0,0
BRDA:83,7,1,0
BRDA:83,8,0,0
BRDA:83,8,1,0
BRDA:84,9,0,0
BRDA:84,9,1,0
BRDA:84,10,0,0
BRDA:84,10,1,0
BRDA:84,11,0,0
BRDA:84,11,1,0
BRDA:137,12,0,0
BRDA:137,12,1,0
BRDA:139,13,0,0
BRDA:139,13,1,0
BRDA:145,14,0,0
BRDA:145,14,1,0
BRDA:163,15,0,0
BRDA:163,15,1,0
BRDA:182,16,0,0
BRDA:182,16,1,0
BRDA:191,17,0,0
BRDA:205,18,0,0
BRDA:234,19,0,0
BRDA:250,20,0,0
BRDA:269,21,0,0
BRDA:308,22,0,0
BRDA:308,22,1,0
BRDA:355,23,0,0
BRDA:355,23,1,0
BRDA:417,24,0,0
BRDA:417,24,1,0
BRDA:417,25,0,0
BRDA:417,25,1,0
BRDA:433,26,0,0
BRDA:433,26,1,0
BRF:47
BRH:0
end_of_record
TN:
SF:components\admin\admin-provider-management.tsx
FN:43,AdminProviderManagement
FN:53,(anonymous_8)
FN:57,(anonymous_9)
FN:61,(anonymous_10)
FN:61,(anonymous_11)
FN:79,(anonymous_12)
FN:84,(anonymous_13)
FN:93,(anonymous_14)
FN:99,(anonymous_15)
FN:119,(anonymous_16)
FN:122,(anonymous_17)
FN:123,(anonymous_18)
FN:124,(anonymous_19)
FN:125,(anonymous_20)
FN:131,(anonymous_21)
FN:137,(anonymous_22)
FN:143,(anonymous_23)
FN:145,(anonymous_24)
FN:146,(anonymous_25)
FN:154,(anonymous_26)
FN:155,(anonymous_27)
FN:235,(anonymous_28)
FN:244,(anonymous_29)
FN:251,(anonymous_30)
FN:258,(anonymous_31)
FN:286,(anonymous_32)
FN:314,(anonymous_33)
FNF:27
FNH:0
FNDA:0,AdminProviderManagement
FNDA:0,(anonymous_8)
FNDA:0,(anonymous_9)
FNDA:0,(anonymous_10)
FNDA:0,(anonymous_11)
FNDA:0,(anonymous_12)
FNDA:0,(anonymous_13)
FNDA:0,(anonymous_14)
FNDA:0,(anonymous_15)
FNDA:0,(anonymous_16)
FNDA:0,(anonymous_17)
FNDA:0,(anonymous_18)
FNDA:0,(anonymous_19)
FNDA:0,(anonymous_20)
FNDA:0,(anonymous_21)
FNDA:0,(anonymous_22)
FNDA:0,(anonymous_23)
FNDA:0,(anonymous_24)
FNDA:0,(anonymous_25)
FNDA:0,(anonymous_26)
FNDA:0,(anonymous_27)
FNDA:0,(anonymous_28)
FNDA:0,(anonymous_29)
FNDA:0,(anonymous_30)
FNDA:0,(anonymous_31)
FNDA:0,(anonymous_32)
FNDA:0,(anonymous_33)
DA:3,0
DA:4,0
DA:5,0
DA:6,0
DA:7,0
DA:8,0
DA:9,0
DA:10,0
DA:11,0
DA:23,0
DA:24,0
DA:43,0
DA:44,0
DA:45,0
DA:46,0
DA:47,0
DA:48,0
DA:49,0
DA:50,0
DA:51,0
DA:53,0
DA:54,0
DA:57,0
DA:58,0
DA:61,0
DA:62,0
DA:63,0
DA:64,0
DA:65,0
DA:66,0
DA:67,0
DA:69,0
DA:72,0
DA:73,0
DA:75,0
DA:79,0
DA:80,0
DA:83,0
DA:84,0
DA:85,0
DA:92,0
DA:93,0
DA:96,0
DA:99,0
DA:100,0
DA:108,0
DA:109,0
DA:111,0
DA:119,0
DA:120,0
DA:122,0
DA:123,0
DA:124,0
DA:125,0
DA:129,0
DA:131,0
DA:132,0
DA:133,0
DA:134,0
DA:137,0
DA:138,0
DA:139,0
DA:140,0
DA:143,0
DA:145,0
DA:146,0
DA:147,0
DA:154,0
DA:155,0
DA:156,0
DA:163,0
DA:164,0
DA:179,0
DA:235,0
DA:244,0
DA:251,0
DA:258,0
DA:287,0
DA:314,0
LF:79
LH:0
BRDA:65,0,0,0
BRDA:65,0,1,0
BRDA:83,1,0,0
BRDA:85,2,0,0
BRDA:85,2,1,0
BRDA:85,2,2,0
BRDA:85,3,0,0
BRDA:85,3,1,0
BRDA:85,4,0,0
BRDA:85,4,1,0
BRDA:92,5,0,0
BRDA:108,6,0,0
BRDA:108,6,1,0
BRDA:147,7,0,0
BRDA:147,7,1,0
BRDA:156,8,0,0
BRDA:156,8,1,0
BRDA:163,9,0,0
BRDA:242,10,0,0
BRDA:242,10,1,0
BRDA:249,11,0,0
BRDA:249,11,1,0
BRDA:256,12,0,0
BRDA:256,12,1,0
BRDA:295,13,0,0
BRDA:295,13,1,0
BRDA:301,14,0,0
BRDA:301,14,1,0
BRDA:302,15,0,0
BRDA:302,15,1,0
BRDA:303,16,0,0
BRDA:303,16,1,0
BRDA:304,17,0,0
BRDA:304,17,1,0
BRDA:306,18,0,0
BRDA:306,18,1,0
BRDA:324,19,0,0
BRDA:324,19,1,0
BRF:38
BRH:0
end_of_record
TN:
SF:components\admin\admin-sidebar.tsx
FN:22,AdminSidebar
FN:76,(anonymous_2)
FN:90,(anonymous_3)
FNF:3
FNH:0
FNDA:0,AdminSidebar
FNDA:0,(anonymous_2)
FNDA:0,(anonymous_3)
DA:3,0
DA:4,0
DA:5,0
DA:6,0
DA:16,0
DA:22,0
DA:23,0
DA:25,0
DA:63,0
DA:76,0
DA:91,0
DA:92,0
DA:94,0
LF:13
LH:0
BRDA:22,0,0,0
BRDA:65,1,0,0
BRDA:65,1,1,0
BRDA:70,2,0,0
BRDA:70,2,1,0
BRDA:79,3,0,0
BRDA:79,3,1,0
BRDA:97,4,0,0
BRDA:97,4,1,0
BRDA:103,5,0,0
BRDA:103,5,1,0
BRDA:109,6,0,0
BRDA:109,6,1,0
BRDA:112,7,0,0
BRDA:112,7,1,0
BRDA:117,8,0,0
BRDA:117,8,1,0
BRDA:131,9,0,0
BRDA:131,9,1,0
BRF:19
BRH:0
end_of_record
TN:
SF:components\admin\admin-system-health.tsx
FN:22,AdminSystemHealth
FN:26,(anonymous_8)
FN:26,(anonymous_9)
FN:54,(anonymous_10)
FN:59,(anonymous_11)
FNF:5
FNH:0
FNDA:0,AdminSystemHealth
FNDA:0,(anonymous_8)
FNDA:0,(anonymous_9)
FNDA:0,(anonymous_10)
FNDA:0,(anonymous_11)
DA:3,0
DA:4,0
DA:5,0
DA:6,0
DA:7,0
DA:8,0
DA:9,0
DA:22,0
DA:23,0
DA:24,0
DA:25,0
DA:26,0
DA:27,0
DA:28,0
DA:31,0
DA:32,0
DA:33,0
DA:36,0
DA:38,0
DA:39,0
DA:40,0
DA:42,0
DA:43,0
DA:46,0
DA:47,0
DA:49,0
DA:50,0
DA:54,0
DA:55,0
DA:58,0
DA:59,0
DA:62,0
DA:63,0
DA:81,0
DA:82,0
DA:102,0
DA:104,0
DA:107,0
LF:38
LH:0
BRDA:31,0,0,0
BRDA:38,1,0,0
BRDA:38,1,1,0
BRDA:62,2,0,0
BRDA:81,3,0,0
BRDA:102,4,0,0
BRDA:102,4,1,0
BRDA:103,5,0,0
BRDA:103,5,1,0
BRDA:104,6,0,0
BRDA:104,6,1,0
BRDA:105,7,0,0
BRDA:105,7,1,0
BRDA:127,8,0,0
BRDA:127,8,1,0
BRDA:143,9,0,0
BRDA:143,9,1,0
BRDA:146,10,0,0
BRDA:146,10,1,0
BRDA:147,11,0,0
BRDA:147,11,1,0
BRDA:164,12,0,0
BRDA:164,12,1,0
BRDA:164,13,0,0
BRDA:164,13,1,0
BRDA:171,14,0,0
BRDA:171,14,1,0
BRDA:172,15,0,0
BRDA:172,15,1,0
BRDA:178,16,0,0
BRDA:178,16,1,0
BRDA:178,17,0,0
BRDA:178,17,1,0
BRDA:195,18,0,0
BRDA:195,18,1,0
BRDA:195,19,0,0
BRDA:195,19,1,0
BRDA:202,20,0,0
BRDA:202,20,1,0
BRDA:202,21,0,0
BRDA:202,21,1,0
BRDA:209,22,0,0
BRDA:209,22,1,0
BRDA:212,23,0,0
BRDA:212,23,1,0
BRDA:213,24,0,0
BRDA:213,24,1,0
BRDA:222,25,0,0
BRDA:222,25,1,0
BRDA:232,26,0,0
BRDA:232,26,1,0
BRDA:242,27,0,0
BRDA:242,27,1,0
BRF:53
BRH:0
end_of_record
TN:
SF:components\admin\admin-system-management.tsx
FN:41,AdminSystemManagement
FN:55,(anonymous_8)
FN:59,(anonymous_9)
FN:62,(anonymous_10)
FN:62,(anonymous_11)
FN:75,(anonymous_12)
FN:75,(anonymous_13)
FN:76,(anonymous_14)
FN:76,(anonymous_15)
FN:77,(anonymous_16)
FN:77,(anonymous_17)
FN:78,(anonymous_18)
FN:78,(anonymous_19)
FN:79,(anonymous_20)
FN:79,(anonymous_21)
FN:80,(anonymous_22)
FN:80,(anonymous_23)
FN:103,(anonymous_24)
FN:103,(anonymous_25)
FN:115,(anonymous_26)
FN:133,(anonymous_27)
FN:133,(anonymous_28)
FN:146,(anonymous_29)
FN:146,(anonymous_30)
FN:155,(anonymous_31)
FN:155,(anonymous_32)
FN:219,(anonymous_33)
FNF:27
FNH:0
FNDA:0,AdminSystemManagement
FNDA:0,(anonymous_8)
FNDA:0,(anonymous_9)
FNDA:0,(anonymous_10)
FNDA:0,(anonymous_11)
FNDA:0,(anonymous_12)
FNDA:0,(anonymous_13)
FNDA:0,(anonymous_14)
FNDA:0,(anonymous_15)
FNDA:0,(anonymous_16)
FNDA:0,(anonymous_17)
FNDA:0,(anonymous_18)
FNDA:0,(anonymous_19)
FNDA:0,(anonymous_20)
FNDA:0,(anonymous_21)
FNDA:0,(anonymous_22)
FNDA:0,(anonymous_23)
FNDA:0,(anonymous_24)
FNDA:0,(anonymous_25)
FNDA:0,(anonymous_26)
FNDA:0,(anonymous_27)
FNDA:0,(anonymous_28)
FNDA:0,(anonymous_29)
FNDA:0,(anonymous_30)
FNDA:0,(anonymous_31)
FNDA:0,(anonymous_32)
FNDA:0,(anonymous_33)
DA:3,0
DA:4,0
DA:5,0
DA:6,0
DA:7,0
DA:8,0
DA:9,0
DA:10,0
DA:27,0
DA:41,0
DA:42,0
DA:51,0
DA:52,0
DA:53,0
DA:55,0
DA:56,0
DA:57,0
DA:58,0
DA:59,0
DA:62,0
DA:63,0
DA:64,0
DA:74,0
DA:75,0
DA:76,0
DA:77,0
DA:78,0
DA:79,0
DA:80,0
DA:83,0
DA:96,0
DA:97,0
DA:99,0
DA:103,0
DA:104,0
DA:105,0
DA:106,0
DA:107,0
DA:108,0
DA:115,0
DA:116,0
DA:122,0
DA:123,0
DA:125,0
DA:133,0
DA:134,0
DA:136,0
DA:137,0
DA:142,0
DA:146,0
DA:147,0
DA:148,0
DA:151,0
DA:155,0
DA:156,0
DA:157,0
DA:160,0
DA:164,0
DA:165,0
DA:180,0
DA:220,0
DA:221,0
LF:62
LH:0
BRDA:84,0,0,0
BRDA:84,0,1,0
BRDA:85,1,0,0
BRDA:85,1,1,0
BRDA:86,2,0,0
BRDA:86,2,1,0
BRDA:87,3,0,0
BRDA:87,3,1,0
BRDA:88,4,0,0
BRDA:88,4,1,0
BRDA:89,5,0,0
BRDA:89,5,1,0
BRDA:106,6,0,0
BRDA:122,7,0,0
BRDA:122,7,1,0
BRDA:138,8,0,0
BRDA:138,8,1,0
BRDA:164,9,0,0
BRDA:220,10,0,0
BRDA:220,10,1,0
BRDA:220,11,0,0
BRDA:220,11,1,0
BRDA:220,12,0,0
BRDA:220,12,1,0
BRDA:220,13,0,0
BRDA:220,13,1,0
BRDA:220,14,0,0
BRDA:220,14,1,0
BRDA:220,15,0,0
BRDA:220,15,1,0
BRDA:220,16,0,0
BRDA:220,16,1,0
BRDA:220,17,0,0
BRDA:220,17,1,0
BRDA:224,18,0,0
BRDA:224,18,1,0
BRDA:225,19,0,0
BRDA:225,19,1,0
BRDA:232,20,0,0
BRDA:232,20,1,0
BRDA:232,21,0,0
BRDA:232,21,1,0
BRDA:232,22,0,0
BRDA:232,22,1,0
BRDA:232,23,0,0
BRDA:232,23,1,0
BRDA:232,24,0,0
BRDA:232,24,1,0
BRDA:233,25,0,0
BRDA:233,25,1,0
BRDA:233,26,0,0
BRDA:233,26,1,0
BRDA:233,27,0,0
BRDA:233,27,1,0
BRDA:233,28,0,0
BRDA:233,28,1,0
BRDA:233,29,0,0
BRDA:233,29,1,0
BRDA:234,30,0,0
BRDA:234,30,1,0
BRDA:234,31,0,0
BRDA:234,31,1,0
BRDA:234,32,0,0
BRDA:234,32,1,0
BRDA:314,33,0,0
BRDA:314,33,1,0
BRDA:319,34,0,0
BRDA:319,34,1,0
BRDA:320,35,0,0
BRDA:320,35,1,0
BRDA:346,36,0,0
BRDA:346,36,1,0
BRDA:349,37,0,0
BRDA:349,37,1,0
BRF:74
BRH:0
end_of_record
TN:
SF:components\admin\admin-user-management-enhanced.tsx
FN:46,AdminUserManagementEnhanced
FN:57,(anonymous_8)
FN:57,(anonymous_9)
FN:95,(anonymous_10)
FN:99,(anonymous_11)
FN:104,(anonymous_12)
FN:109,(anonymous_13)
FN:114,(anonymous_14)
FN:118,(anonymous_15)
FN:134,(anonymous_16)
FN:149,(anonymous_17)
FN:154,(anonymous_18)
FN:215,(anonymous_19)
FN:269,(anonymous_20)
FN:305,(anonymous_21)
FN:328,(anonymous_22)
FN:336,(anonymous_23)
FNF:17
FNH:0
FNDA:0,AdminUserManagementEnhanced
FNDA:0,(anonymous_8)
FNDA:0,(anonymous_9)
FNDA:0,(anonymous_10)
FNDA:0,(anonymous_11)
FNDA:0,(anonymous_12)
FNDA:0,(anonymous_13)
FNDA:0,(anonymous_14)
FNDA:0,(anonymous_15)
FNDA:0,(anonymous_16)
FNDA:0,(anonymous_17)
FNDA:0,(anonymous_18)
FNDA:0,(anonymous_19)
FNDA:0,(anonymous_20)
FNDA:0,(anonymous_21)
FNDA:0,(anonymous_22)
FNDA:0,(anonymous_23)
DA:3,0
DA:4,0
DA:5,0
DA:6,0
DA:7,0
DA:8,0
DA:9,0
DA:10,0
DA:11,0
DA:28,0
DA:46,0
DA:47,0
DA:48,0
DA:49,0
DA:50,0
DA:51,0
DA:52,0
DA:53,0
DA:54,0
DA:55,0
DA:57,0
DA:58,0
DA:59,0
DA:62,0
DA:63,0
DA:64,0
DA:67,0
DA:75,0
DA:77,0
DA:78,0
DA:79,0
DA:80,0
DA:81,0
DA:83,0
DA:84,0
DA:87,0
DA:88,0
DA:90,0
DA:91,0
DA:95,0
DA:96,0
DA:99,0
DA:100,0
DA:101,0
DA:104,0
DA:105,0
DA:106,0
DA:109,0
DA:110,0
DA:111,0
DA:114,0
DA:115,0
DA:118,0
DA:119,0
DA:126,0
DA:127,0
DA:134,0
DA:135,0
DA:141,0
DA:142,0
DA:149,0
DA:150,0
DA:151,0
DA:154,0
DA:155,0
DA:161,0
DA:162,0
DA:180,0
DA:215,0
DA:270,0
DA:305,0
DA:328,0
DA:336,0
LF:73
LH:0
BRDA:57,0,0,0
BRDA:62,1,0,0
BRDA:71,2,0,0
BRDA:71,2,1,0
BRDA:72,3,0,0
BRDA:72,3,1,0
BRDA:77,4,0,0
BRDA:77,4,1,0
BRDA:79,5,0,0
BRDA:79,5,1,0
BRDA:80,6,0,0
BRDA:80,6,1,0
BRDA:80,7,0,0
BRDA:80,7,1,0
BRDA:80,8,0,0
BRDA:80,8,1,0
BRDA:81,9,0,0
BRDA:81,9,1,0
BRDA:81,10,0,0
BRDA:81,10,1,0
BRDA:81,11,0,0
BRDA:81,11,1,0
BRDA:126,12,0,0
BRDA:126,12,1,0
BRDA:141,13,0,0
BRDA:141,13,1,0
BRDA:150,14,0,0
BRDA:161,15,0,0
BRDA:200,16,0,0
BRDA:200,16,1,0
BRDA:246,17,0,0
BRDA:246,17,1,0
BRDA:305,18,0,0
BRDA:305,18,1,0
BRDA:305,19,0,0
BRDA:305,19,1,0
BRDA:319,20,0,0
BRDA:319,20,1,0
BRF:38
BRH:0
end_of_record
TN:
SF:components\admin\admin-user-management.tsx
FN:58,AdminUserManagement
FN:75,(anonymous_8)
FN:79,(anonymous_9)
FN:83,(anonymous_10)
FN:83,(anonymous_11)
FN:111,(anonymous_12)
FN:116,(anonymous_13)
FN:126,(anonymous_14)
FN:144,(anonymous_15)
FN:158,(anonymous_16)
FN:161,(anonymous_17)
FN:162,(anonymous_18)
FN:163,(anonymous_19)
FN:164,(anonymous_20)
FN:165,(anonymous_21)
FN:171,(anonymous_22)
FN:176,(anonymous_23)
FN:181,(anonymous_24)
FN:189,(anonymous_25)
FN:196,(anonymous_26)
FN:196,(anonymous_27)
FN:291,(anonymous_28)
FN:297,(anonymous_29)
FN:308,(anonymous_30)
FN:342,(anonymous_31)
FN:374,(anonymous_32)
FN:387,(anonymous_33)
FN:392,(anonymous_34)
FN:397,(anonymous_35)
FN:404,(anonymous_36)
FN:419,(anonymous_37)
FN:446,(anonymous_38)
FN:457,(anonymous_39)
FN:497,(anonymous_40)
FN:516,(anonymous_41)
FN:528,(anonymous_42)
FN:528,(anonymous_43)
FNF:37
FNH:0
FNDA:0,AdminUserManagement
FNDA:0,(anonymous_8)
FNDA:0,(anonymous_9)
FNDA:0,(anonymous_10)
FNDA:0,(anonymous_11)
FNDA:0,(anonymous_12)
FNDA:0,(anonymous_13)
FNDA:0,(anonymous_14)
FNDA:0,(anonymous_15)
FNDA:0,(anonymous_16)
FNDA:0,(anonymous_17)
FNDA:0,(anonymous_18)
FNDA:0,(anonymous_19)
FNDA:0,(anonymous_20)
FNDA:0,(anonymous_21)
FNDA:0,(anonymous_22)
FNDA:0,(anonymous_23)
FNDA:0,(anonymous_24)
FNDA:0,(anonymous_25)
FNDA:0,(anonymous_26)
FNDA:0,(anonymous_27)
FNDA:0,(anonymous_28)
FNDA:0,(anonymous_29)
FNDA:0,(anonymous_30)
FNDA:0,(anonymous_31)
FNDA:0,(anonymous_32)
FNDA:0,(anonymous_33)
FNDA:0,(anonymous_34)
FNDA:0,(anonymous_35)
FNDA:0,(anonymous_36)
FNDA:0,(anonymous_37)
FNDA:0,(anonymous_38)
FNDA:0,(anonymous_39)
FNDA:0,(anonymous_40)
FNDA:0,(anonymous_41)
FNDA:0,(anonymous_42)
FNDA:0,(anonymous_43)
DA:3,0
DA:4,0
DA:5,0
DA:6,0
DA:7,0
DA:8,0
DA:9,0
DA:10,0
DA:11,0
DA:12,0
DA:30,0
DA:31,0
DA:32,0
DA:58,0
DA:59,0
DA:60,0
DA:61,0
DA:62,0
DA:63,0
DA:64,0
DA:65,0
DA:66,0
DA:67,0
DA:68,0
DA:69,0
DA:70,0
DA:71,0
DA:72,0
DA:73,0
DA:75,0
DA:76,0
DA:79,0
DA:80,0
DA:83,0
DA:84,0
DA:85,0
DA:86,0
DA:91,0
DA:92,0
DA:94,0
DA:95,0
DA:96,0
DA:97,0
DA:98,0
DA:99,0
DA:101,0
DA:104,0
DA:105,0
DA:107,0
DA:111,0
DA:112,0
DA:115,0
DA:116,0
DA:117,0
DA:123,0
DA:126,0
DA:127,0
DA:133,0
DA:134,0
DA:136,0
DA:144,0
DA:145,0
DA:158,0
DA:159,0
DA:161,0
DA:162,0
DA:163,0
DA:164,0
DA:165,0
DA:169,0
DA:171,0
DA:172,0
DA:173,0
DA:176,0
DA:177,0
DA:178,0
DA:181,0
DA:182,0
DA:183,0
DA:184,0
DA:185,0
DA:186,0
DA:189,0
DA:190,0
DA:191,0
DA:192,0
DA:193,0
DA:196,0
DA:197,0
DA:199,0
DA:200,0
DA:201,0
DA:202,0
DA:203,0
DA:205,0
DA:213,0
DA:214,0
DA:215,0
DA:216,0
DA:218,0
DA:219,0
DA:220,0
DA:223,0
DA:224,0
DA:228,0
DA:229,0
DA:239,0
DA:291,0
DA:297,0
DA:308,0
DA:343,0
DA:374,0
DA:387,0
DA:392,0
DA:397,0
DA:405,0
DA:406,0
DA:407,0
DA:410,0
DA:419,0
DA:446,0
DA:457,0
DA:497,0
DA:516,0
DA:528,0
DA:529,0
DA:530,0
DA:531,0
DA:536,0
DA:537,0
DA:538,0
DA:539,0
DA:541,0
DA:542,0
DA:545,0
LF:135
LH:0
BRDA:91,0,0,0
BRDA:92,1,0,0
BRDA:92,2,0,0
BRDA:92,2,1,0
BRDA:95,3,0,0
BRDA:95,3,1,0
BRDA:115,4,0,0
BRDA:117,5,0,0
BRDA:117,5,1,0
BRDA:117,5,2,0
BRDA:119,6,0,0
BRDA:119,6,1,0
BRDA:119,7,0,0
BRDA:119,7,1,0
BRDA:145,8,0,0
BRDA:145,8,1,0
BRDA:197,9,0,0
BRDA:197,10,0,0
BRDA:197,10,1,0
BRDA:201,11,0,0
BRDA:202,12,0,0
BRDA:203,13,0,0
BRDA:206,14,0,0
BRDA:206,14,1,0
BRDA:213,15,0,0
BRDA:213,15,1,0
BRDA:220,16,0,0
BRDA:220,16,1,0
BRDA:228,17,0,0
BRDA:353,18,0,0
BRDA:353,18,1,0
BRDA:362,19,0,0
BRDA:362,19,1,0
BRDA:365,20,0,0
BRDA:365,20,1,0
BRDA:386,21,0,0
BRDA:386,21,1,0
BRDA:402,22,0,0
BRDA:402,22,1,0
BRDA:402,22,2,0
BRDA:432,23,0,0
BRDA:432,23,1,0
BRDA:440,24,0,0
BRDA:440,24,1,0
BRDA:472,25,0,0
BRDA:472,25,1,0
BRDA:472,26,0,0
BRDA:472,26,1,0
BRDA:480,27,0,0
BRDA:480,27,1,0
BRDA:481,28,0,0
BRDA:481,28,1,0
BRDA:482,29,0,0
BRDA:482,29,1,0
BRDA:483,30,0,0
BRDA:483,30,1,0
BRDA:486,31,0,0
BRDA:486,31,1,0
BRDA:486,32,0,0
BRDA:486,32,1,0
BRDA:486,33,0,0
BRDA:486,33,1,0
BRDA:487,34,0,0
BRDA:487,34,1,0
BRDA:487,35,0,0
BRDA:487,35,1,0
BRDA:487,36,0,0
BRDA:487,36,1,0
BRDA:488,37,0,0
BRDA:488,37,1,0
BRDA:488,38,0,0
BRDA:488,38,1,0
BRDA:488,39,0,0
BRDA:488,39,1,0
BRDA:489,40,0,0
BRDA:489,40,1,0
BRDA:489,41,0,0
BRDA:489,41,1,0
BRDA:489,42,0,0
BRDA:489,42,1,0
BRDA:494,43,0,0
BRDA:494,43,1,0
BRDA:526,44,0,0
BRDA:526,44,1,0
BRDA:526,44,2,0
BRDA:526,44,3,0
BRDA:526,44,4,0
BRDA:529,45,0,0
BRDA:536,46,0,0
BRDA:536,46,1,0
BRDA:542,47,0,0
BRDA:542,47,1,0
BRDA:545,48,0,0
BRDA:545,48,1,0
BRDA:555,49,0,0
BRDA:555,49,1,0
BRDA:557,50,0,0
BRDA:557,50,1,0
BRDA:558,51,0,0
BRDA:558,51,1,0
BRDA:559,52,0,0
BRDA:559,52,1,0
BRDA:560,53,0,0
BRDA:560,53,1,0
BRF:104
BRH:0
end_of_record
TN:
SF:components\admin\desktop-sidebar-admin.tsx
FN:28,DesktopSidebarAdmin
FN:97,(anonymous_1)
FN:110,(anonymous_2)
FN:117,(anonymous_3)
FNF:4
FNH:0
FNDA:0,DesktopSidebarAdmin
FNDA:0,(anonymous_1)
FNDA:0,(anonymous_2)
FNDA:0,(anonymous_3)
DA:3,0
DA:4,0
DA:5,0
DA:28,0
DA:37,0
DA:82,0
DA:97,0
DA:111,0
DA:112,0
DA:114,0
DA:117,0
LF:11
LH:0
BRDA:54,0,0,0
BRDA:54,0,1,0
BRDA:60,1,0,0
BRDA:60,1,1,0
BRDA:85,2,0,0
BRDA:85,2,1,0
BRDA:90,3,0,0
BRDA:90,3,1,0
BRDA:92,4,0,0
BRDA:92,4,1,0
BRDA:92,5,0,0
BRDA:92,5,1,0
BRDA:92,6,0,0
BRDA:92,6,1,0
BRDA:92,7,0,0
BRDA:92,7,1,0
BRDA:92,8,0,0
BRDA:92,8,1,0
BRDA:99,9,0,0
BRDA:99,9,1,0
BRDA:102,10,0,0
BRDA:102,10,1,0
BRDA:121,11,0,0
BRDA:121,11,1,0
BRDA:127,12,0,0
BRDA:127,12,1,0
BRDA:129,13,0,0
BRDA:129,13,1,0
BRDA:130,14,0,0
BRDA:130,14,1,0
BRDA:132,15,0,0
BRDA:132,15,1,0
BRDA:144,16,0,0
BRDA:144,16,1,0
BRF:34
BRH:0
end_of_record
TN:
SF:components\admin\enhanced-provider-review.tsx
FN:75,EnhancedProviderReview
FN:80,(anonymous_1)
FN:85,(anonymous_2)
FN:92,(anonymous_3)
FN:103,(anonymous_4)
FN:199,(anonymous_5)
FN:316,(anonymous_6)
FN:324,(anonymous_7)
FN:333,(anonymous_8)
FN:368,(anonymous_9)
FN:382,(anonymous_10)
FNF:11
FNH:0
FNDA:0,EnhancedProviderReview
FNDA:0,(anonymous_1)
FNDA:0,(anonymous_2)
FNDA:0,(anonymous_3)
FNDA:0,(anonymous_4)
FNDA:0,(anonymous_5)
FNDA:0,(anonymous_6)
FNDA:0,(anonymous_7)
FNDA:0,(anonymous_8)
FNDA:0,(anonymous_9)
FNDA:0,(anonymous_10)
DA:3,0
DA:4,0
DA:5,0
DA:6,0
DA:7,0
DA:8,0
DA:9,0
DA:10,0
DA:18,0
DA:75,0
DA:76,0
DA:77,0
DA:78,0
DA:80,0
DA:81,0
DA:82,0
DA:85,0
DA:86,0
DA:87,0
DA:88,0
DA:89,0
DA:92,0
DA:93,0
DA:94,0
DA:95,0
DA:96,0
DA:97,0
DA:98,0
DA:99,0
DA:103,0
DA:104,0
DA:119,0
DA:120,0
DA:123,0
DA:125,0
DA:200,0
DA:316,0
DA:324,0
DA:333,0
DA:368,0
DA:382,0
LF:41
LH:0
BRDA:75,0,0,0
BRDA:93,1,0,0
BRDA:93,1,1,0
BRDA:93,1,2,0
BRDA:93,1,3,0
BRDA:93,1,4,0
BRDA:93,1,5,0
BRDA:167,2,0,0
BRDA:167,2,1,0
BRDA:171,3,0,0
BRDA:171,3,1,0
BRDA:175,4,0,0
BRDA:175,4,1,0
BRDA:179,5,0,0
BRDA:179,5,1,0
BRDA:182,6,0,0
BRDA:182,6,1,0
BRDA:217,7,0,0
BRDA:217,7,1,0
BRDA:225,8,0,0
BRDA:225,8,1,0
BRDA:233,9,0,0
BRDA:233,9,1,0
BRDA:241,10,0,0
BRDA:241,10,1,0
BRDA:262,11,0,0
BRDA:262,11,1,0
BRDA:266,12,0,0
BRDA:266,12,1,0
BRDA:271,13,0,0
BRDA:271,13,1,0
BRDA:276,14,0,0
BRDA:276,14,1,0
BRDA:293,15,0,0
BRDA:293,15,1,0
BRDA:299,16,0,0
BRDA:299,16,1,0
BRDA:313,17,0,0
BRDA:313,17,1,0
BRDA:351,18,0,0
BRDA:351,18,1,0
BRDA:352,19,0,0
BRDA:352,19,1,0
BRDA:353,20,0,0
BRDA:353,20,1,0
BRDA:356,21,0,0
BRDA:356,21,1,0
BRDA:357,22,0,0
BRDA:357,22,1,0
BRDA:358,23,0,0
BRDA:358,23,1,0
BRDA:370,24,0,0
BRDA:370,24,1,0
BRDA:372,25,0,0
BRDA:372,25,1,0
BRDA:387,26,0,0
BRDA:387,26,1,0
BRDA:388,27,0,0
BRDA:388,27,1,0
BRDA:390,28,0,0
BRDA:390,28,1,0
BRF:61
BRH:0
end_of_record
TN:
SF:components\admin\main-content-admin.tsx
FN:56,MainContentAdmin
FN:63,(anonymous_1)
FN:72,(anonymous_2)
FNF:3
FNH:0
FNDA:0,MainContentAdmin
FNDA:0,(anonymous_1)
FNDA:0,(anonymous_2)
DA:3,0
DA:4,0
DA:5,0
DA:6,0
DA:7,0
DA:8,0
DA:9,0
DA:10,0
DA:56,0
DA:63,0
DA:64,0
DA:72,0
DA:73,0
DA:75,0
DA:347,0
DA:371,0
DA:395,0
DA:419,0
DA:443,0
DA:467,0
DA:491,0
DA:495,0
LF:22
LH:0
BRDA:73,0,0,0
BRDA:73,0,1,0
BRDA:73,0,2,0
BRDA:73,0,3,0
BRDA:73,0,4,0
BRDA:73,0,5,0
BRDA:73,0,6,0
BRDA:73,0,7,0
BRDA:87,1,0,0
BRDA:87,1,1,0
BRDA:87,2,0,0
BRDA:87,2,1,0
BRDA:87,3,0,0
BRDA:87,3,1,0
BRDA:87,4,0,0
BRDA:87,4,1,0
BRDA:87,5,0,0
BRDA:87,5,1,0
BRDA:96,6,0,0
BRDA:96,6,1,0
BRDA:96,7,0,0
BRDA:96,7,1,0
BRDA:96,8,0,0
BRDA:96,8,1,0
BRDA:96,9,0,0
BRDA:96,9,1,0
BRDA:96,10,0,0
BRDA:96,10,1,0
BRDA:105,11,0,0
BRDA:105,11,1,0
BRDA:105,12,0,0
BRDA:105,12,1,0
BRDA:105,13,0,0
BRDA:105,13,1,0
BRDA:105,14,0,0
BRDA:105,14,1,0
BRDA:105,15,0,0
BRDA:105,15,1,0
BRDA:114,16,0,0
BRDA:114,16,1,0
BRDA:114,17,0,0
BRDA:114,17,1,0
BRDA:114,18,0,0
BRDA:114,18,1,0
BRDA:114,19,0,0
BRDA:114,19,1,0
BRDA:114,20,0,0
BRDA:114,20,1,0
BRDA:123,21,0,0
BRDA:123,21,1,0
BRDA:123,22,0,0
BRDA:123,22,1,0
BRDA:123,23,0,0
BRDA:123,23,1,0
BRDA:123,24,0,0
BRDA:123,24,1,0
BRDA:123,25,0,0
BRDA:123,25,1,0
BRDA:132,26,0,0
BRDA:132,26,1,0
BRDA:132,27,0,0
BRDA:132,27,1,0
BRDA:132,28,0,0
BRDA:132,28,1,0
BRDA:141,29,0,0
BRDA:141,29,1,0
BRDA:141,30,0,0
BRDA:141,30,1,0
BRDA:141,31,0,0
BRDA:141,31,1,0
BRDA:141,32,0,0
BRDA:141,32,1,0
BRDA:141,33,0,0
BRDA:141,33,1,0
BRDA:150,34,0,0
BRDA:150,34,1,0
BRDA:150,35,0,0
BRDA:150,35,1,0
BRDA:150,36,0,0
BRDA:150,36,1,0
BRDA:150,37,0,0
BRDA:150,37,1,0
BRDA:150,38,0,0
BRDA:150,38,1,0
BRF:84
BRH:0
end_of_record
TN:
SF:components\admin\mobile-admin-dashboard-simple.tsx
FN:73,MobileAdminDashboardSimple
FN:101,(anonymous_17)
FN:109,fetchUser
FN:138,(anonymous_20)
FN:146,(anonymous_21)
FN:146,(anonymous_22)
FN:184,(anonymous_23)
FN:193,(anonymous_24)
FN:215,(anonymous_25)
FNF:9
FNH:0
FNDA:0,MobileAdminDashboardSimple
FNDA:0,(anonymous_17)
FNDA:0,fetchUser
FNDA:0,(anonymous_20)
FNDA:0,(anonymous_21)
FNDA:0,(anonymous_22)
FNDA:0,(anonymous_23)
FNDA:0,(anonymous_24)
FNDA:0,(anonymous_25)
DA:3,0
DA:4,0
DA:5,0
DA:7,0
DA:46,0
DA:73,0
DA:74,0
DA:75,0
DA:95,0
DA:96,0
DA:97,0
DA:98,0
DA:101,0
DA:102,0
DA:103,0
DA:104,0
DA:105,0
DA:106,0
DA:110,0
DA:111,0
DA:112,0
DA:116,0
DA:118,0
DA:119,0
DA:120,0
DA:121,0
DA:123,0
DA:124,0
DA:125,0
DA:128,0
DA:129,0
DA:131,0
DA:134,0
DA:138,0
DA:139,0
DA:146,0
DA:147,0
DA:148,0
DA:149,0
DA:150,0
DA:153,0
DA:154,0
DA:155,0
DA:158,0
DA:159,0
DA:161,0
DA:162,0
DA:163,0
DA:165,0
DA:166,0
DA:167,0
DA:168,0
DA:170,0
DA:171,0
DA:172,0
DA:173,0
DA:176,0
DA:177,0
DA:178,0
DA:180,0
DA:184,0
DA:185,0
DA:186,0
DA:187,0
DA:189,0
DA:193,0
DA:194,0
DA:197,0
DA:198,0
DA:208,0
DA:209,0
DA:216,0
DA:217,0
DA:228,0
DA:229,0
DA:239,0
LF:76
LH:0
BRDA:74,0,0,0
BRDA:74,0,1,0
BRDA:102,1,0,0
BRDA:118,2,0,0
BRDA:118,2,1,0
BRDA:153,3,0,0
BRDA:161,4,0,0
BRDA:161,4,1,0
BRDA:185,5,0,0
BRDA:185,5,1,0
BRDA:185,6,0,0
BRDA:185,6,1,0
BRDA:187,7,0,0
BRDA:187,8,0,0
BRDA:187,8,1,0
BRDA:197,9,0,0
BRDA:208,10,0,0
BRDA:228,11,0,0
BRDA:258,12,0,0
BRDA:258,12,1,0
BRDA:385,13,0,0
BRDA:385,13,1,0
BRF:22
BRH:0
end_of_record
TN:
SF:components\admin\mobile-admin-dashboard-v2.tsx
FN:82,DesktopSidebar
FN:162,(anonymous_18)
FN:172,(anonymous_19)
FN:177,(anonymous_20)
FN:208,MainContent
FN:225,(anonymous_22)
FN:504,MobileAdminDashboardV2
FN:535,(anonymous_24)
FN:536,(anonymous_25)
FN:545,(anonymous_26)
FN:549,(anonymous_27)
FN:557,fetchUser
FN:588,(anonymous_30)
FN:596,(anonymous_31)
FN:596,(anonymous_32)
FN:634,(anonymous_33)
FN:643,(anonymous_34)
FN:665,(anonymous_35)
FNF:18
FNH:0
FNDA:0,DesktopSidebar
FNDA:0,(anonymous_18)
FNDA:0,(anonymous_19)
FNDA:0,(anonymous_20)
FNDA:0,MainContent
FNDA:0,(anonymous_22)
FNDA:0,MobileAdminDashboardV2
FNDA:0,(anonymous_24)
FNDA:0,(anonymous_25)
FNDA:0,(anonymous_26)
FNDA:0,(anonymous_27)
FNDA:0,fetchUser
FNDA:0,(anonymous_30)
FNDA:0,(anonymous_31)
FNDA:0,(anonymous_32)
FNDA:0,(anonymous_33)
FNDA:0,(anonymous_34)
FNDA:0,(anonymous_35)
DA:3,0
DA:5,0
DA:6,0
DA:7,0
DA:8,0
DA:9,0
DA:10,0
DA:11,0
DA:12,0
DA:16,0
DA:54,0
DA:55,0
DA:57,0
DA:58,0
DA:97,0
DA:140,0
DA:162,0
DA:173,0
DA:174,0
DA:177,0
DA:225,0
DA:226,0
DA:228,0
DA:359,0
DA:376,0
DA:390,0
DA:409,0
DA:426,0
DA:453,0
DA:457,0
DA:504,0
DA:505,0
DA:506,0
DA:507,0
DA:508,0
DA:528,0
DA:529,0
DA:530,0
DA:531,0
DA:532,0
DA:535,0
DA:536,0
DA:537,0
DA:538,0
DA:539,0
DA:540,0
DA:541,0
DA:545,0
DA:549,0
DA:550,0
DA:551,0
DA:552,0
DA:553,0
DA:554,0
DA:558,0
DA:559,0
DA:560,0
DA:566,0
DA:568,0
DA:569,0
DA:570,0
DA:571,0
DA:573,0
DA:574,0
DA:575,0
DA:578,0
DA:579,0
DA:581,0
DA:584,0
DA:588,0
DA:589,0
DA:596,0
DA:597,0
DA:598,0
DA:599,0
DA:600,0
DA:603,0
DA:604,0
DA:605,0
DA:608,0
DA:609,0
DA:611,0
DA:612,0
DA:613,0
DA:615,0
DA:616,0
DA:617,0
DA:618,0
DA:620,0
DA:621,0
DA:622,0
DA:623,0
DA:626,0
DA:627,0
DA:628,0
DA:630,0
DA:634,0
DA:635,0
DA:636,0
DA:637,0
DA:639,0
DA:643,0
DA:644,0
DA:647,0
DA:648,0
DA:658,0
DA:659,0
DA:666,0
DA:667,0
DA:678,0
DA:679,0
DA:689,0
LF:112
LH:0
BRDA:103,0,0,0
BRDA:103,0,1,0
BRDA:110,1,0,0
BRDA:110,1,1,0
BRDA:117,2,0,0
BRDA:117,2,1,0
BRDA:124,3,0,0
BRDA:124,3,1,0
BRDA:142,4,0,0
BRDA:142,4,1,0
BRDA:148,5,0,0
BRDA:148,5,1,0
BRDA:179,6,0,0
BRDA:179,6,1,0
BRDA:182,7,0,0
BRDA:182,7,1,0
BRDA:183,8,0,0
BRDA:183,8,1,0
BRDA:186,9,0,0
BRDA:186,9,1,0
BRDA:188,10,0,0
BRDA:188,10,1,0
BRDA:191,11,0,0
BRDA:191,11,1,0
BRDA:226,12,0,0
BRDA:226,12,1,0
BRDA:226,12,2,0
BRDA:226,12,3,0
BRDA:226,12,4,0
BRDA:226,12,5,0
BRDA:226,12,6,0
BRDA:237,13,0,0
BRDA:237,13,1,0
BRDA:245,14,0,0
BRDA:245,14,1,0
BRDA:253,15,0,0
BRDA:253,15,1,0
BRDA:261,16,0,0
BRDA:261,16,1,0
BRDA:342,17,0,0
BRDA:342,17,1,0
BRDA:468,18,0,0
BRDA:468,18,1,0
BRDA:469,19,0,0
BRDA:469,19,1,0
BRDA:470,20,0,0
BRDA:470,20,1,0
BRDA:471,21,0,0
BRDA:471,21,1,0
BRDA:472,22,0,0
BRDA:472,22,1,0
BRDA:473,23,0,0
BRDA:473,23,1,0
BRDA:486,24,0,0
BRDA:486,24,1,0
BRDA:505,25,0,0
BRDA:505,25,1,0
BRDA:537,26,0,0
BRDA:550,27,0,0
BRDA:568,28,0,0
BRDA:568,28,1,0
BRDA:603,29,0,0
BRDA:611,30,0,0
BRDA:611,30,1,0
BRDA:635,31,0,0
BRDA:635,31,1,0
BRDA:635,32,0,0
BRDA:635,32,1,0
BRDA:637,33,0,0
BRDA:637,34,0,0
BRDA:637,34,1,0
BRDA:647,35,0,0
BRDA:658,36,0,0
BRDA:678,37,0,0
BRF:74
BRH:0
end_of_record
TN:
SF:components\admin\mobile-admin-dashboard.tsx
FN:61,MobileAdminDashboard
FN:85,(anonymous_9)
FN:86,fetchAdminStats
FN:143,(anonymous_12)
FN:222,(anonymous_13)
FN:233,(anonymous_14)
FN:244,(anonymous_15)
FN:382,(anonymous_16)
FN:392,(anonymous_17)
FN:429,(anonymous_18)
FN:447,(anonymous_19)
FN:457,(anonymous_20)
FN:515,(anonymous_21)
FN:525,(anonymous_22)
FNF:14
FNH:0
FNDA:0,MobileAdminDashboard
FNDA:0,(anonymous_9)
FNDA:0,fetchAdminStats
FNDA:0,(anonymous_12)
FNDA:0,(anonymous_13)
FNDA:0,(anonymous_14)
FNDA:0,(anonymous_15)
FNDA:0,(anonymous_16)
FNDA:0,(anonymous_17)
FNDA:0,(anonymous_18)
FNDA:0,(anonymous_19)
FNDA:0,(anonymous_20)
FNDA:0,(anonymous_21)
FNDA:0,(anonymous_22)
DA:3,0
DA:5,0
DA:7,0
DA:8,0
DA:9,0
DA:10,0
DA:11,0
DA:12,0
DA:14,0
DA:35,0
DA:36,0
DA:37,0
DA:38,0
DA:61,0
DA:62,0
DA:82,0
DA:83,0
DA:85,0
DA:87,0
DA:88,0
DA:91,0
DA:92,0
DA:93,0
DA:97,0
DA:99,0
DA:100,0
DA:101,0
DA:103,0
DA:104,0
DA:108,0
DA:109,0
DA:111,0
DA:115,0
DA:118,0
DA:119,0
DA:134,0
DA:135,0
DA:143,0
DA:153,0
DA:222,0
DA:233,0
DA:244,0
DA:382,0
DA:392,0
DA:429,0
DA:447,0
DA:457,0
DA:515,0
DA:525,0
DA:534,0
LF:50
LH:0
BRDA:91,0,0,0
BRDA:99,1,0,0
BRDA:99,1,1,0
BRDA:118,2,0,0
BRDA:134,3,0,0
BRDA:262,4,0,0
BRDA:262,4,1,0
BRF:7
BRH:0
end_of_record
TN:
SF:components\admin\provider-details-modal.tsx
FN:81,ProviderDetailsModal
FN:92,(anonymous_8)
FN:98,(anonymous_9)
FN:98,(anonymous_10)
FN:123,(anonymous_11)
FN:123,(anonymous_12)
FN:141,(anonymous_13)
FN:161,(anonymous_14)
FN:181,(anonymous_15)
FN:279,(anonymous_16)
FN:324,(anonymous_17)
FN:407,(anonymous_18)
FN:427,(anonymous_19)
FN:438,(anonymous_20)
FNF:14
FNH:0
FNDA:0,ProviderDetailsModal
FNDA:0,(anonymous_8)
FNDA:0,(anonymous_9)
FNDA:0,(anonymous_10)
FNDA:0,(anonymous_11)
FNDA:0,(anonymous_12)
FNDA:0,(anonymous_13)
FNDA:0,(anonymous_14)
FNDA:0,(anonymous_15)
FNDA:0,(anonymous_16)
FNDA:0,(anonymous_17)
FNDA:0,(anonymous_18)
FNDA:0,(anonymous_19)
FNDA:0,(anonymous_20)
DA:3,0
DA:4,0
DA:5,0
DA:6,0
DA:7,0
DA:8,0
DA:10,0
DA:28,0
DA:81,0
DA:87,0
DA:88,0
DA:89,0
DA:90,0
DA:92,0
DA:93,0
DA:94,0
DA:98,0
DA:99,0
DA:101,0
DA:102,0
DA:103,0
DA:105,0
DA:106,0
DA:107,0
DA:109,0
DA:110,0
DA:113,0
DA:116,0
DA:117,0
DA:119,0
DA:123,0
DA:124,0
DA:126,0
DA:127,0
DA:128,0
DA:139,0
DA:140,0
DA:141,0
DA:142,0
DA:144,0
DA:147,0
DA:148,0
DA:150,0
DA:151,0
DA:154,0
DA:155,0
DA:157,0
DA:161,0
DA:162,0
DA:170,0
DA:171,0
DA:173,0
DA:181,0
DA:182,0
DA:189,0
DA:191,0
DA:280,0
DA:325,0
DA:407,0
DA:427,0
DA:438,0
LF:61
LH:0
BRDA:93,0,0,0
BRDA:93,1,0,0
BRDA:93,1,1,0
BRDA:99,2,0,0
BRDA:105,3,0,0
BRDA:105,3,1,0
BRDA:109,4,0,0
BRDA:109,5,0,0
BRDA:109,5,1,0
BRDA:110,6,0,0
BRDA:110,6,1,0
BRDA:124,7,0,0
BRDA:139,8,0,0
BRDA:139,8,1,0
BRDA:141,9,0,0
BRDA:141,9,1,0
BRDA:144,10,0,0
BRDA:144,10,1,0
BRDA:145,11,0,0
BRDA:145,11,1,0
BRDA:151,12,0,0
BRDA:151,12,1,0
BRDA:170,13,0,0
BRDA:170,13,1,0
BRDA:189,14,0,0
BRDA:198,15,0,0
BRDA:198,15,1,0
BRDA:202,16,0,0
BRDA:202,16,1,0
BRDA:207,17,0,0
BRDA:207,17,1,0
BRDA:221,18,0,0
BRDA:221,18,1,0
BRDA:228,19,0,0
BRDA:228,19,1,0
BRDA:237,20,0,0
BRDA:237,20,1,0
BRDA:244,21,0,0
BRDA:244,21,1,0
BRDA:251,22,0,0
BRDA:251,22,1,0
BRDA:256,23,0,0
BRDA:256,23,1,0
BRDA:259,24,0,0
BRDA:259,24,1,0
BRDA:277,25,0,0
BRDA:277,25,1,0
BRDA:283,26,0,0
BRDA:283,26,1,0
BRDA:308,27,0,0
BRDA:308,27,1,0
BRDA:309,28,0,0
BRDA:309,28,1,0
BRDA:315,29,0,0
BRDA:315,29,1,0
BRDA:316,30,0,0
BRDA:316,30,1,0
BRDA:320,31,0,0
BRDA:320,31,1,0
BRDA:342,32,0,0
BRDA:342,32,1,0
BRDA:387,33,0,0
BRDA:387,33,1,0
BRDA:388,34,0,0
BRDA:388,34,1,0
BRDA:423,35,0,0
BRDA:423,35,1,0
BRDA:423,35,2,0
BRDA:430,36,0,0
BRDA:430,36,1,0
BRDA:441,37,0,0
BRDA:441,37,1,0
BRF:72
BRH:0
end_of_record
TN:
SF:components\admin\provider-list.tsx
FN:20,ProviderList
FN:29,(anonymous_8)
FN:30,(anonymous_9)
FN:30,(anonymous_10)
FN:61,(anonymous_11)
FN:67,(anonymous_12)
FN:73,(anonymous_13)
FN:73,(anonymous_14)
FN:81,(anonymous_15)
FN:103,(anonymous_16)
FN:131,(anonymous_17)
FN:139,(anonymous_18)
FN:192,(anonymous_19)
FN:205,(anonymous_20)
FN:217,(anonymous_21)
FN:226,(anonymous_22)
FN:232,(anonymous_23)
FNF:17
FNH:0
FNDA:0,ProviderList
FNDA:0,(anonymous_8)
FNDA:0,(anonymous_9)
FNDA:0,(anonymous_10)
FNDA:0,(anonymous_11)
FNDA:0,(anonymous_12)
FNDA:0,(anonymous_13)
FNDA:0,(anonymous_14)
FNDA:0,(anonymous_15)
FNDA:0,(anonymous_16)
FNDA:0,(anonymous_17)
FNDA:0,(anonymous_18)
FNDA:0,(anonymous_19)
FNDA:0,(anonymous_20)
FNDA:0,(anonymous_21)
FNDA:0,(anonymous_22)
FNDA:0,(anonymous_23)
DA:3,0
DA:4,0
DA:12,0
DA:13,0
DA:15,0
DA:16,0
DA:20,0
DA:21,0
DA:22,0
DA:23,0
DA:24,0
DA:25,0
DA:26,0
DA:27,0
DA:29,0
DA:30,0
DA:31,0
DA:32,0
DA:33,0
DA:34,0
DA:35,0
DA:36,0
DA:37,0
DA:38,0
DA:39,0
DA:41,0
DA:43,0
DA:44,0
DA:46,0
DA:47,0
DA:48,0
DA:51,0
DA:52,0
DA:53,0
DA:55,0
DA:58,0
DA:61,0
DA:62,0
DA:63,0
DA:64,0
DA:67,0
DA:68,0
DA:69,0
DA:70,0
DA:73,0
DA:74,0
DA:75,0
DA:80,0
DA:81,0
DA:83,0
DA:84,0
DA:87,0
DA:88,0
DA:98,0
DA:99,0
DA:103,0
DA:109,0
DA:110,0
DA:119,0
DA:132,0
DA:139,0
DA:193,0
DA:206,0
DA:217,0
DA:226,0
DA:232,0
LF:66
LH:0
BRDA:35,0,0,0
BRDA:43,1,0,0
BRDA:43,1,1,0
BRDA:81,2,0,0
BRDA:81,2,1,0
BRDA:87,3,0,0
BRDA:98,4,0,0
BRDA:109,5,0,0
BRDA:153,6,0,0
BRDA:153,6,1,0
BRDA:156,7,0,0
BRDA:156,7,1,0
BRDA:159,8,0,0
BRDA:159,8,1,0
BRDA:162,9,0,0
BRDA:162,9,1,0
BRDA:165,10,0,0
BRDA:165,10,1,0
BRDA:168,11,0,0
BRDA:168,11,1,0
BRDA:172,12,0,0
BRDA:172,12,1,0
BRDA:181,13,0,0
BRDA:181,13,1,0
BRDA:190,14,0,0
BRDA:190,14,1,0
BRDA:190,15,0,0
BRDA:190,15,1,0
BRDA:203,16,0,0
BRDA:203,16,1,0
BRDA:203,17,0,0
BRDA:203,17,1,0
BRDA:223,18,0,0
BRDA:223,18,1,0
BRDA:227,19,0,0
BRDA:227,19,1,0
BRDA:234,20,0,0
BRDA:234,20,1,0
BRF:38
BRH:0
end_of_record
TN:
SF:components\admin\user-details-modal.tsx
FN:78,UserDetailsModal
FN:82,(anonymous_8)
FN:88,(anonymous_9)
FN:88,(anonymous_10)
FN:105,(anonymous_11)
FN:123,(anonymous_12)
FN:143,(anonymous_13)
FN:316,(anonymous_14)
FN:329,(anonymous_15)
FN:357,(anonymous_16)
FNF:10
FNH:0
FNDA:0,UserDetailsModal
FNDA:0,(anonymous_8)
FNDA:0,(anonymous_9)
FNDA:0,(anonymous_10)
FNDA:0,(anonymous_11)
FNDA:0,(anonymous_12)
FNDA:0,(anonymous_13)
FNDA:0,(anonymous_14)
FNDA:0,(anonymous_15)
FNDA:0,(anonymous_16)
DA:3,0
DA:4,0
DA:5,0
DA:6,0
DA:8,0
DA:78,0
DA:79,0
DA:80,0
DA:82,0
DA:83,0
DA:84,0
DA:88,0
DA:89,0
DA:91,0
DA:92,0
DA:93,0
DA:94,0
DA:95,0
DA:96,0
DA:99,0
DA:101,0
DA:105,0
DA:106,0
DA:112,0
DA:113,0
DA:115,0
DA:123,0
DA:124,0
DA:132,0
DA:133,0
DA:135,0
DA:143,0
DA:144,0
DA:152,0
DA:154,0
DA:161,0
DA:162,0
DA:176,0
DA:177,0
DA:188,0
DA:317,0
DA:330,0
DA:358,0
LF:43
LH:0
BRDA:83,0,0,0
BRDA:83,1,0,0
BRDA:83,1,1,0
BRDA:89,2,0,0
BRDA:94,3,0,0
BRDA:132,4,0,0
BRDA:132,4,1,0
BRDA:152,5,0,0
BRDA:152,5,1,0
BRDA:161,6,0,0
BRDA:176,7,0,0
BRDA:196,8,0,0
BRDA:196,8,1,0
BRDA:223,9,0,0
BRDA:223,9,1,0
BRDA:240,10,0,0
BRDA:240,10,1,0
BRDA:272,11,0,0
BRDA:272,11,1,0
BRDA:285,12,0,0
BRDA:285,12,1,0
BRDA:290,13,0,0
BRDA:290,13,1,0
BRDA:295,14,0,0
BRDA:295,14,1,0
BRDA:300,15,0,0
BRDA:300,15,1,0
BRDA:305,16,0,0
BRDA:305,16,1,0
BRDA:312,17,0,0
BRDA:312,17,1,0
BRDA:325,18,0,0
BRDA:325,18,1,0
BRDA:349,19,0,0
BRDA:349,19,1,0
BRDA:367,20,0,0
BRDA:367,20,1,0
BRF:37
BRH:0
end_of_record
TN:
SF:components\auth\auth-debug.tsx
FN:30,AuthDebug
FN:35,(anonymous_17)
FN:35,(anonymous_18)
FN:69,(anonymous_19)
FN:73,(anonymous_20)
FN:81,(anonymous_21)
FN:106,(anonymous_22)
FN:178,(anonymous_23)
FNF:8
FNH:0
FNDA:0,AuthDebug
FNDA:0,(anonymous_17)
FNDA:0,(anonymous_18)
FNDA:0,(anonymous_19)
FNDA:0,(anonymous_20)
FNDA:0,(anonymous_21)
FNDA:0,(anonymous_22)
FNDA:0,(anonymous_23)
DA:3,0
DA:4,0
DA:5,0
DA:6,0
DA:7,0
DA:8,0
DA:30,0
DA:31,0
DA:32,0
DA:33,0
DA:35,0
DA:36,0
DA:37,0
DA:38,0
DA:45,0
DA:47,0
DA:56,0
DA:65,0
DA:69,0
DA:70,0
DA:73,0
DA:74,0
DA:75,0
DA:77,0
DA:81,0
DA:82,0
DA:83,0
DA:85,0
DA:89,0
DA:106,0
DA:179,0
LF:31
LH:0
BRDA:48,0,0,0
BRDA:48,0,1,0
BRDA:50,1,0,0
BRDA:50,1,1,0
BRDA:51,2,0,0
BRDA:51,2,1,0
BRDA:61,3,0,0
BRDA:61,3,1,0
BRDA:74,4,0,0
BRDA:74,4,1,0
BRDA:82,5,0,0
BRDA:82,5,1,0
BRDA:108,6,0,0
BRDA:108,6,1,0
BRDA:116,7,0,0
BRDA:116,7,1,0
BRDA:123,8,0,0
BRDA:123,8,1,0
BRDA:140,9,0,0
BRDA:140,9,1,0
BRDA:150,10,0,0
BRDA:150,10,1,0
BRDA:163,11,0,0
BRDA:163,11,1,0
BRDA:172,12,0,0
BRDA:172,12,1,0
BRDA:174,13,0,0
BRDA:174,13,1,0
BRDA:188,14,0,0
BRDA:188,14,1,0
BRDA:209,15,0,0
BRDA:209,15,1,0
BRDA:227,16,0,0
BRDA:227,16,1,0
BRF:34
BRH:0
end_of_record
TN:
SF:components\book-service\BookingForm.tsx
FN:26,(anonymous_10)
FN:26,(anonymous_11)
FN:39,BookingForm
FN:45,(anonymous_13)
FN:52,(anonymous_14)
FN:57,(anonymous_15)
FN:61,(anonymous_16)
FN:67,(anonymous_17)
FN:72,(anonymous_18)
FN:76,(anonymous_19)
FN:90,(anonymous_20)
FN:95,(anonymous_21)
FN:95,(anonymous_22)
FN:97,handleFieldChange
FN:103,(anonymous_24)
FN:109,(anonymous_25)
FN:118,handleSubmit
FN:123,(anonymous_27)
FN:142,(anonymous_28)
FN:146,(anonymous_29)
FN:149,(anonymous_30)
FN:198,(anonymous_31)
FN:199,(anonymous_32)
FN:204,(anonymous_33)
FN:218,(anonymous_34)
FN:219,(anonymous_35)
FN:225,(anonymous_36)
FN:234,(anonymous_37)
FN:238,(anonymous_38)
FN:265,(anonymous_39)
FN:283,(anonymous_40)
FN:293,(anonymous_41)
FN:300,(anonymous_42)
FN:305,(anonymous_43)
FN:332,(anonymous_44)
FN:344,(anonymous_45)
FN:346,(anonymous_46)
FN:368,(anonymous_47)
FN:372,(anonymous_48)
FN:382,(anonymous_49)
FN:454,(anonymous_50)
FN:464,(anonymous_51)
FNF:42
FNH:0
FNDA:0,(anonymous_10)
FNDA:0,(anonymous_11)
FNDA:0,BookingForm
FNDA:0,(anonymous_13)
FNDA:0,(anonymous_14)
FNDA:0,(anonymous_15)
FNDA:0,(anonymous_16)
FNDA:0,(anonymous_17)
FNDA:0,(anonymous_18)
FNDA:0,(anonymous_19)
FNDA:0,(anonymous_20)
FNDA:0,(anonymous_21)
FNDA:0,(anonymous_22)
FNDA:0,handleFieldChange
FNDA:0,(anonymous_24)
FNDA:0,(anonymous_25)
FNDA:0,handleSubmit
FNDA:0,(anonymous_27)
FNDA:0,(anonymous_28)
FNDA:0,(anonymous_29)
FNDA:0,(anonymous_30)
FNDA:0,(anonymous_31)
FNDA:0,(anonymous_32)
FNDA:0,(anonymous_33)
FNDA:0,(anonymous_34)
FNDA:0,(anonymous_35)
FNDA:0,(anonymous_36)
FNDA:0,(anonymous_37)
FNDA:0,(anonymous_38)
FNDA:0,(anonymous_39)
FNDA:0,(anonymous_40)
FNDA:0,(anonymous_41)
FNDA:0,(anonymous_42)
FNDA:0,(anonymous_43)
FNDA:0,(anonymous_44)
FNDA:0,(anonymous_45)
FNDA:0,(anonymous_46)
FNDA:0,(anonymous_47)
FNDA:0,(anonymous_48)
FNDA:0,(anonymous_49)
FNDA:0,(anonymous_50)
FNDA:0,(anonymous_51)
DA:3,0
DA:4,0
DA:5,0
DA:6,0
DA:7,0
DA:8,0
DA:9,0
DA:12,0
DA:13,0
DA:14,0
DA:15,0
DA:16,0
DA:18,0
DA:26,0
DA:27,0
DA:28,0
DA:39,0
DA:40,0
DA:41,0
DA:42,0
DA:45,0
DA:46,0
DA:47,0
DA:48,0
DA:49,0
DA:52,0
DA:53,0
DA:57,0
DA:58,0
DA:61,0
DA:62,0
DA:63,0
DA:67,0
DA:68,0
DA:69,0
DA:72,0
DA:73,0
DA:74,0
DA:76,0
DA:77,0
DA:80,0
DA:81,0
DA:82,0
DA:83,0
DA:84,0
DA:85,0
DA:86,0
DA:87,0
DA:88,0
DA:90,0
DA:91,0
DA:92,0
DA:95,0
DA:98,0
DA:99,0
DA:100,0
DA:101,0
DA:102,0
DA:103,0
DA:105,0
DA:107,0
DA:108,0
DA:109,0
DA:110,0
DA:111,0
DA:113,0
DA:115,0
DA:119,0
DA:120,0
DA:121,0
DA:122,0
DA:123,0
DA:124,0
DA:126,0
DA:127,0
DA:128,0
DA:129,0
DA:130,0
DA:131,0
DA:134,0
DA:135,0
DA:137,0
DA:139,0
DA:142,0
DA:143,0
DA:144,0
DA:145,0
DA:146,0
DA:149,0
DA:150,0
DA:151,0
DA:152,0
DA:153,0
DA:154,0
DA:155,0
DA:158,0
DA:161,0
DA:163,0
DA:198,0
DA:199,0
DA:204,0
DA:219,0
DA:220,0
DA:221,0
DA:225,0
DA:235,0
DA:238,0
DA:265,0
DA:283,0
DA:293,0
DA:301,0
DA:305,0
DA:332,0
DA:345,0
DA:346,0
DA:347,0
DA:348,0
DA:369,0
DA:372,0
DA:382,0
DA:454,0
LF:121
LH:0
BRDA:27,0,0,0
BRDA:62,1,0,0
BRDA:85,2,0,0
BRDA:85,2,1,0
BRDA:85,3,0,0
BRDA:85,3,1,0
BRDA:85,4,0,0
BRDA:85,4,1,0
BRDA:91,5,0,0
BRDA:91,5,1,0
BRDA:91,5,2,0
BRDA:95,6,0,0
BRDA:95,6,1,0
BRDA:95,7,0,0
BRDA:95,7,1,0
BRDA:101,8,0,0
BRDA:101,8,1,0
BRDA:103,9,0,0
BRDA:103,10,0,0
BRDA:103,10,1,0
BRDA:103,11,0,0
BRDA:103,11,1,0
BRDA:107,12,0,0
BRDA:108,13,0,0
BRDA:115,14,0,0
BRDA:121,15,0,0
BRDA:123,16,0,0
BRDA:127,17,0,0
BRDA:127,18,0,0
BRDA:127,18,1,0
BRDA:129,19,0,0
BRDA:129,20,0,0
BRDA:129,20,1,0
BRDA:134,21,0,0
BRDA:143,22,0,0
BRDA:145,23,0,0
BRDA:146,24,0,0
BRDA:146,24,1,0
BRDA:176,25,0,0
BRDA:176,25,1,0
BRDA:184,26,0,0
BRDA:184,26,1,0
BRDA:201,27,0,0
BRDA:201,27,1,0
BRDA:213,28,0,0
BRDA:213,28,1,0
BRDA:213,28,2,0
BRDA:215,29,0,0
BRDA:215,29,1,0
BRDA:215,29,2,0
BRDA:219,30,0,0
BRDA:219,30,1,0
BRDA:219,31,0,0
BRDA:219,31,1,0
BRDA:220,32,0,0
BRDA:220,33,0,0
BRDA:220,33,1,0
BRDA:226,34,0,0
BRDA:226,34,1,0
BRDA:233,35,0,0
BRDA:233,35,1,0
BRDA:233,36,0,0
BRDA:233,36,1,0
BRDA:239,37,0,0
BRDA:239,37,1,0
BRDA:252,38,0,0
BRDA:252,38,1,0
BRDA:272,39,0,0
BRDA:272,39,1,0
BRDA:289,40,0,0
BRDA:289,40,1,0
BRDA:289,40,2,0
BRDA:296,41,0,0
BRDA:296,41,1,0
BRDA:298,42,0,0
BRDA:298,42,1,0
BRDA:307,43,0,0
BRDA:307,43,1,0
BRDA:319,44,0,0
BRDA:319,44,1,0
BRDA:345,45,0,0
BRDA:356,46,0,0
BRDA:356,46,1,0
BRDA:361,47,0,0
BRDA:361,47,1,0
BRDA:372,48,0,0
BRDA:372,48,1,0
BRDA:372,49,0,0
BRDA:372,49,1,0
BRDA:392,50,0,0
BRDA:392,50,1,0
BRDA:402,51,0,0
BRDA:402,51,1,0
BRDA:410,52,0,0
BRDA:410,52,1,0
BRDA:413,53,0,0
BRDA:413,53,1,0
BRDA:433,54,0,0
BRDA:433,54,1,0
BRDA:437,55,0,0
BRDA:437,55,1,0
BRDA:460,56,0,0
BRDA:460,56,1,0
BRDA:464,57,0,0
BRDA:464,57,1,0
BRF:105
BRH:0
end_of_record
TN:
SF:components\book-service\BookingSummary.tsx
FN:13,BookingSummary
FNF:1
FNH:0
FNDA:0,BookingSummary
DA:3,0
DA:4,0
DA:13,0
DA:14,0
LF:4
LH:0
BRDA:16,0,0,0
BRDA:16,0,1,0
BRDA:27,1,0,0
BRDA:27,1,1,0
BRDA:32,2,0,0
BRDA:32,2,1,0
BRDA:32,2,2,0
BRDA:32,2,3,0
BRDA:35,3,0,0
BRDA:35,3,1,0
BRDA:35,3,2,0
BRDA:40,4,0,0
BRDA:40,4,1,0
BRF:13
BRH:0
end_of_record
TN:
SF:components\book-service\ConfirmPanel.tsx
FN:14,ConfirmPanel
FN:17,verifyPayment
FNF:2
FNH:0
FNDA:0,ConfirmPanel
FNDA:0,verifyPayment
DA:3,0
DA:4,0
DA:5,0
DA:6,0
DA:7,0
DA:14,0
DA:15,0
DA:18,0
DA:19,0
DA:20,0
DA:21,0
DA:26,0
DA:27,0
DA:28,0
DA:29,0
DA:31,0
DA:34,0
DA:36,0
DA:40,0
LF:19
LH:0
BRDA:18,0,0,0
BRDA:18,1,0,0
BRDA:18,1,1,0
BRDA:18,2,0,0
BRDA:18,2,1,0
BRDA:18,3,0,0
BRDA:18,3,1,0
BRDA:18,4,0,0
BRDA:18,4,1,0
BRDA:27,5,0,0
BRDA:27,5,1,0
BRDA:27,6,0,0
BRDA:27,6,1,0
BRDA:27,7,0,0
BRDA:27,7,1,0
BRDA:27,8,0,0
BRDA:27,8,1,0
BRDA:27,9,0,0
BRDA:27,9,1,0
BRDA:27,10,0,0
BRDA:27,10,1,0
BRDA:29,11,0,0
BRDA:29,11,1,0
BRDA:29,12,0,0
BRDA:29,12,1,0
BRDA:31,13,0,0
BRDA:31,13,1,0
BRDA:31,13,2,0
BRDA:31,14,0,0
BRDA:31,14,1,0
BRDA:31,15,0,0
BRDA:31,15,1,0
BRDA:31,16,0,0
BRDA:31,16,1,0
BRDA:31,17,0,0
BRDA:31,17,1,0
BRDA:50,18,0,0
BRDA:50,18,1,0
BRDA:50,19,0,0
BRDA:50,19,1,0
BRDA:50,20,0,0
BRDA:50,20,1,0
BRDA:55,21,0,0
BRDA:55,21,1,0
BRDA:55,22,0,0
BRDA:55,22,1,0
BRDA:55,23,0,0
BRDA:55,23,1,0
BRDA:65,24,0,0
BRDA:65,24,1,0
BRDA:65,25,0,0
BRDA:65,25,1,0
BRDA:65,26,0,0
BRDA:65,26,1,0
BRDA:65,27,0,0
BRDA:65,27,1,0
BRDA:65,28,0,0
BRDA:65,28,1,0
BRDA:67,29,0,0
BRDA:67,29,1,0
BRF:60
BRH:0
end_of_record
TN:
SF:components\book-service\ModernBookingForm.tsx
FN:34,(anonymous_17)
FN:34,(anonymous_18)
FN:55,ModernBookingForm
FN:76,(anonymous_20)
FN:172,(anonymous_21)
FN:175,(anonymous_22)
FN:179,(anonymous_23)
FN:185,(anonymous_24)
FN:188,(anonymous_25)
FN:192,(anonymous_26)
FN:198,(anonymous_27)
FN:198,(anonymous_28)
FN:200,(anonymous_29)
FN:206,(anonymous_30)
FN:212,(anonymous_31)
FN:222,(anonymous_32)
FN:222,(anonymous_33)
FN:225,(anonymous_34)
FN:226,(anonymous_35)
FN:227,(anonymous_36)
FN:228,(anonymous_37)
FN:229,(anonymous_38)
FN:240,(anonymous_39)
FN:241,(anonymous_40)
FN:243,(anonymous_41)
FN:252,(anonymous_42)
FN:256,(anonymous_43)
FN:257,(anonymous_44)
FN:259,(anonymous_45)
FN:268,(anonymous_46)
FN:272,(anonymous_47)
FN:275,(anonymous_48)
FN:289,(anonymous_49)
FN:306,(anonymous_50)
FN:323,(anonymous_51)
FN:339,(anonymous_52)
FN:340,(anonymous_53)
FN:345,(anonymous_54)
FN:360,(anonymous_55)
FN:363,(anonymous_56)
FN:397,(anonymous_57)
FN:412,(anonymous_58)
FN:418,(anonymous_59)
FN:421,(anonymous_60)
FN:454,(anonymous_61)
FN:473,(anonymous_62)
FN:475,(anonymous_63)
FN:506,(anonymous_64)
FN:509,(anonymous_65)
FN:527,(anonymous_66)
FN:605,(anonymous_67)
FN:639,(anonymous_68)
FNF:52
FNH:0
FNDA:0,(anonymous_17)
FNDA:0,(anonymous_18)
FNDA:0,ModernBookingForm
FNDA:0,(anonymous_20)
FNDA:0,(anonymous_21)
FNDA:0,(anonymous_22)
FNDA:0,(anonymous_23)
FNDA:0,(anonymous_24)
FNDA:0,(anonymous_25)
FNDA:0,(anonymous_26)
FNDA:0,(anonymous_27)
FNDA:0,(anonymous_28)
FNDA:0,(anonymous_29)
FNDA:0,(anonymous_30)
FNDA:0,(anonymous_31)
FNDA:0,(anonymous_32)
FNDA:0,(anonymous_33)
FNDA:0,(anonymous_34)
FNDA:0,(anonymous_35)
FNDA:0,(anonymous_36)
FNDA:0,(anonymous_37)
FNDA:0,(anonymous_38)
FNDA:0,(anonymous_39)
FNDA:0,(anonymous_40)
FNDA:0,(anonymous_41)
FNDA:0,(anonymous_42)
FNDA:0,(anonymous_43)
FNDA:0,(anonymous_44)
FNDA:0,(anonymous_45)
FNDA:0,(anonymous_46)
FNDA:0,(anonymous_47)
FNDA:0,(anonymous_48)
FNDA:0,(anonymous_49)
FNDA:0,(anonymous_50)
FNDA:0,(anonymous_51)
FNDA:0,(anonymous_52)
FNDA:0,(anonymous_53)
FNDA:0,(anonymous_54)
FNDA:0,(anonymous_55)
FNDA:0,(anonymous_56)
FNDA:0,(anonymous_57)
FNDA:0,(anonymous_58)
FNDA:0,(anonymous_59)
FNDA:0,(anonymous_60)
FNDA:0,(anonymous_61)
FNDA:0,(anonymous_62)
FNDA:0,(anonymous_63)
FNDA:0,(anonymous_64)
FNDA:0,(anonymous_65)
FNDA:0,(anonymous_66)
FNDA:0,(anonymous_67)
FNDA:0,(anonymous_68)
DA:3,0
DA:4,0
DA:5,0
DA:6,0
DA:7,0
DA:8,0
DA:9,0
DA:10,0
DA:12,0
DA:26,0
DA:34,0
DA:35,0
DA:36,0
DA:47,0
DA:55,0
DA:56,0
DA:57,0
DA:58,0
DA:59,0
DA:60,0
DA:61,0
DA:62,0
DA:63,0
DA:64,0
DA:67,0
DA:76,0
DA:77,0
DA:79,0
DA:80,0
DA:83,0
DA:86,0
DA:87,0
DA:95,0
DA:96,0
DA:104,0
DA:105,0
DA:113,0
DA:114,0
DA:122,0
DA:123,0
DA:131,0
DA:132,0
DA:140,0
DA:141,0
DA:149,0
DA:150,0
DA:158,0
DA:159,0
DA:169,0
DA:172,0
DA:173,0
DA:174,0
DA:175,0
DA:176,0
DA:179,0
DA:180,0
DA:181,0
DA:185,0
DA:186,0
DA:187,0
DA:188,0
DA:189,0
DA:190,0
DA:192,0
DA:194,0
DA:198,0
DA:200,0
DA:201,0
DA:202,0
DA:203,0
DA:204,0
DA:205,0
DA:206,0
DA:208,0
DA:210,0
DA:211,0
DA:212,0
DA:213,0
DA:214,0
DA:217,0
DA:219,0
DA:222,0
DA:224,0
DA:225,0
DA:226,0
DA:227,0
DA:228,0
DA:229,0
DA:232,0
DA:233,0
DA:234,0
DA:237,0
DA:238,0
DA:240,0
DA:241,0
DA:243,0
DA:244,0
DA:248,0
DA:252,0
DA:253,0
DA:254,0
DA:256,0
DA:257,0
DA:259,0
DA:260,0
DA:263,0
DA:264,0
DA:268,0
DA:269,0
DA:270,0
DA:271,0
DA:272,0
DA:275,0
DA:276,0
DA:277,0
DA:278,0
DA:279,0
DA:280,0
DA:281,0
DA:284,0
DA:287,0
DA:289,0
DA:290,0
DA:292,0
DA:306,0
DA:324,0
DA:325,0
DA:326,0
DA:340,0
DA:341,0
DA:342,0
DA:345,0
DA:361,0
DA:363,0
DA:382,0
DA:397,0
DA:412,0
DA:419,0
DA:421,0
DA:440,0
DA:454,0
DA:474,0
DA:475,0
DA:476,0
DA:477,0
DA:492,0
DA:507,0
DA:509,0
DA:527,0
DA:540,0
DA:581,0
DA:585,0
DA:586,0
DA:596,0
DA:606,0
DA:607,0
DA:608,0
DA:610,0
DA:640,0
DA:641,0
DA:642,0
DA:644,0
LF:162
LH:0
BRDA:35,0,0,0
BRDA:61,1,0,0
BRDA:61,1,1,0
BRDA:61,2,0,0
BRDA:61,2,1,0
BRDA:61,3,0,0
BRDA:61,3,1,0
BRDA:77,4,0,0
BRDA:86,5,0,0
BRDA:86,5,1,0
BRDA:86,6,0,0
BRDA:86,6,1,0
BRDA:95,7,0,0
BRDA:95,7,1,0
BRDA:95,8,0,0
BRDA:95,8,1,0
BRDA:104,9,0,0
BRDA:104,9,1,0
BRDA:104,10,0,0
BRDA:104,10,1,0
BRDA:113,11,0,0
BRDA:113,11,1,0
BRDA:113,12,0,0
BRDA:113,12,1,0
BRDA:122,13,0,0
BRDA:122,13,1,0
BRDA:122,14,0,0
BRDA:122,14,1,0
BRDA:131,15,0,0
BRDA:131,15,1,0
BRDA:131,16,0,0
BRDA:131,16,1,0
BRDA:131,16,2,0
BRDA:140,17,0,0
BRDA:140,17,1,0
BRDA:140,18,0,0
BRDA:140,18,1,0
BRDA:140,18,2,0
BRDA:149,19,0,0
BRDA:149,19,1,0
BRDA:149,20,0,0
BRDA:149,20,1,0
BRDA:158,21,0,0
BRDA:158,22,0,0
BRDA:158,22,1,0
BRDA:180,23,0,0
BRDA:180,23,1,0
BRDA:180,23,2,0
BRDA:186,24,0,0
BRDA:186,24,1,0
BRDA:186,25,0,0
BRDA:186,25,1,0
BRDA:198,26,0,0
BRDA:198,26,1,0
BRDA:198,27,0,0
BRDA:198,27,1,0
BRDA:204,28,0,0
BRDA:204,28,1,0
BRDA:206,29,0,0
BRDA:206,30,0,0
BRDA:206,30,1,0
BRDA:206,31,0,0
BRDA:206,31,1,0
BRDA:210,32,0,0
BRDA:211,33,0,0
BRDA:219,34,0,0
BRDA:226,35,0,0
BRDA:226,35,1,0
BRDA:232,36,0,0
BRDA:233,37,0,0
BRDA:233,37,1,0
BRDA:233,38,0,0
BRDA:233,38,1,0
BRDA:237,39,0,0
BRDA:237,39,1,0
BRDA:253,40,0,0
BRDA:253,40,1,0
BRDA:263,41,0,0
BRDA:269,42,0,0
BRDA:271,43,0,0
BRDA:272,44,0,0
BRDA:272,44,1,0
BRDA:290,45,0,0
BRDA:290,45,1,0
BRDA:290,45,2,0
BRDA:290,45,3,0
BRDA:290,45,4,0
BRDA:290,45,5,0
BRDA:312,46,0,0
BRDA:312,46,1,0
BRDA:312,46,2,0
BRDA:315,47,0,0
BRDA:315,47,1,0
BRDA:315,47,2,0
BRDA:336,48,0,0
BRDA:336,48,1,0
BRDA:336,48,2,0
BRDA:336,48,3,0
BRDA:339,49,0,0
BRDA:339,49,1,0
BRDA:339,49,2,0
BRDA:340,50,0,0
BRDA:340,50,1,0
BRDA:340,51,0,0
BRDA:340,51,1,0
BRDA:341,52,0,0
BRDA:355,53,0,0
BRDA:355,53,1,0
BRDA:355,53,2,0
BRDA:355,53,3,0
BRDA:357,54,0,0
BRDA:357,54,1,0
BRDA:373,55,0,0
BRDA:373,55,1,0
BRDA:373,55,2,0
BRDA:373,55,3,0
BRDA:402,56,0,0
BRDA:402,56,1,0
BRDA:416,57,0,0
BRDA:416,57,1,0
BRDA:423,58,0,0
BRDA:423,58,1,0
BRDA:433,59,0,0
BRDA:433,59,1,0
BRDA:455,60,0,0
BRDA:455,60,1,0
BRDA:474,61,0,0
BRDA:485,62,0,0
BRDA:485,62,1,0
BRDA:503,63,0,0
BRDA:503,63,1,0
BRDA:509,64,0,0
BRDA:509,64,1,0
BRDA:509,65,0,0
BRDA:509,65,1,0
BRDA:516,66,0,0
BRDA:516,66,1,0
BRDA:526,67,0,0
BRDA:526,67,1,0
BRDA:551,68,0,0
BRDA:551,68,1,0
BRDA:551,69,0,0
BRDA:551,69,1,0
BRDA:551,70,0,0
BRDA:551,70,1,0
BRDA:555,71,0,0
BRDA:555,71,1,0
BRDA:555,72,0,0
BRDA:555,72,1,0
BRDA:555,73,0,0
BRDA:555,73,1,0
BRDA:559,74,0,0
BRDA:559,74,1,0
BRDA:563,75,0,0
BRDA:563,75,1,0
BRDA:567,76,0,0
BRDA:567,76,1,0
BRDA:569,77,0,0
BRDA:569,77,1,0
BRDA:585,78,0,0
BRDA:600,79,0,0
BRDA:600,79,1,0
BRDA:613,80,0,0
BRDA:613,80,1,0
BRDA:615,81,0,0
BRDA:615,81,1,0
BRDA:619,82,0,0
BRDA:619,82,1,0
BRDA:626,83,0,0
BRDA:626,83,1,0
BRDA:626,84,0,0
BRDA:626,84,1,0
BRDA:647,85,0,0
BRDA:647,85,1,0
BRDA:649,86,0,0
BRDA:649,86,1,0
BRDA:653,87,0,0
BRDA:653,87,1,0
BRDA:659,88,0,0
BRDA:659,88,1,0
BRDA:661,89,0,0
BRDA:661,89,1,0
BRDA:671,90,0,0
BRDA:671,90,1,0
BRDA:681,91,0,0
BRDA:681,91,1,0
BRDA:685,92,0,0
BRDA:685,92,1,0
BRDA:694,93,0,0
BRDA:694,93,1,0
BRDA:703,94,0,0
BRDA:703,94,1,0
BRDA:711,95,0,0
BRDA:711,95,1,0
BRDA:719,96,0,0
BRDA:719,96,1,0
BRDA:724,97,0,0
BRDA:724,97,1,0
BRF:198
BRH:0
end_of_record
TN:
SF:components\book-service\ProviderDiscoveryPanel.tsx
FN:14,ProviderDiscoveryPanel
FNF:1
FNH:0
FNDA:0,ProviderDiscoveryPanel
DA:3,0
DA:4,0
DA:14,0
DA:15,0
LF:4
LH:0
BRF:0
BRH:0
end_of_record
TN:
SF:components\book-service\StepIndicator.tsx
FN:7,StepIndicator
FN:14,(anonymous_2)
FN:18,(anonymous_3)
FNF:3
FNH:0
FNDA:0,StepIndicator
FNDA:0,(anonymous_2)
FNDA:0,(anonymous_3)
DA:3,0
DA:7,0
DA:8,0
DA:14,0
DA:16,0
DA:19,0
DA:20,0
DA:21,0
DA:22,0
DA:23,0
DA:24,0
LF:11
LH:0
BRDA:21,0,0,0
BRDA:21,0,1,0
BRDA:21,1,0,0
BRDA:21,1,1,0
BRDA:22,2,0,0
BRDA:22,2,1,0
BRDA:22,3,0,0
BRDA:22,3,1,0
BRDA:23,4,0,0
BRDA:23,4,1,0
BRDA:28,5,0,0
BRDA:28,5,1,0
BRDA:33,6,0,0
BRDA:33,6,1,0
BRF:14
BRH:0
end_of_record
TN:
SF:components\dashboard\booking-actions-modal.tsx
FN:63,BookingActionsModal
FN:88,(anonymous_8)
FN:88,(anonymous_9)
FN:231,(anonymous_10)
FN:242,(anonymous_11)
FN:253,(anonymous_12)
FN:264,(anonymous_13)
FN:275,(anonymous_14)
FN:285,(anonymous_15)
FN:310,(anonymous_16)
FN:315,(anonymous_17)
FN:339,(anonymous_18)
FN:339,(anonymous_19)
FN:348,(anonymous_20)
FN:348,(anonymous_21)
FN:354,(anonymous_22)
FN:358,(anonymous_23)
FN:383,(anonymous_24)
FN:383,(anonymous_25)
FN:392,(anonymous_26)
FN:392,(anonymous_27)
FN:396,(anonymous_28)
FN:400,(anonymous_29)
FN:430,(anonymous_30)
FN:435,(anonymous_31)
FN:458,(anonymous_32)
FN:458,(anonymous_33)
FN:477,(anonymous_34)
FN:477,(anonymous_35)
FN:483,(anonymous_36)
FN:488,(anonymous_37)
FN:521,(anonymous_38)
FNF:32
FNH:0
FNDA:0,BookingActionsModal
FNDA:0,(anonymous_8)
FNDA:0,(anonymous_9)
FNDA:0,(anonymous_10)
FNDA:0,(anonymous_11)
FNDA:0,(anonymous_12)
FNDA:0,(anonymous_13)
FNDA:0,(anonymous_14)
FNDA:0,(anonymous_15)
FNDA:0,(anonymous_16)
FNDA:0,(anonymous_17)
FNDA:0,(anonymous_18)
FNDA:0,(anonymous_19)
FNDA:0,(anonymous_20)
FNDA:0,(anonymous_21)
FNDA:0,(anonymous_22)
FNDA:0,(anonymous_23)
FNDA:0,(anonymous_24)
FNDA:0,(anonymous_25)
FNDA:0,(anonymous_26)
FNDA:0,(anonymous_27)
FNDA:0,(anonymous_28)
FNDA:0,(anonymous_29)
FNDA:0,(anonymous_30)
FNDA:0,(anonymous_31)
FNDA:0,(anonymous_32)
FNDA:0,(anonymous_33)
FNDA:0,(anonymous_34)
FNDA:0,(anonymous_35)
FNDA:0,(anonymous_36)
FNDA:0,(anonymous_37)
FNDA:0,(anonymous_38)
DA:3,0
DA:4,0
DA:5,0
DA:6,0
DA:7,0
DA:8,0
DA:10,0
DA:11,0
DA:12,0
DA:13,0
DA:26,0
DA:27,0
DA:28,0
DA:63,0
DA:69,0
DA:70,0
DA:71,0
DA:79,0
DA:81,0
DA:82,0
DA:83,0
DA:84,0
DA:85,0
DA:86,0
DA:88,0
DA:89,0
DA:90,0
DA:93,0
DA:95,0
DA:99,0
DA:102,0
DA:110,0
DA:113,0
DA:121,0
DA:124,0
DA:132,0
DA:135,0
DA:139,0
DA:143,0
DA:144,0
DA:147,0
DA:148,0
DA:149,0
DA:150,0
DA:151,0
DA:153,0
DA:156,0
DA:157,0
DA:159,0
DA:165,0
DA:231,0
DA:242,0
DA:253,0
DA:264,0
DA:275,0
DA:285,0
DA:310,0
DA:315,0
DA:339,0
DA:348,0
DA:354,0
DA:358,0
DA:383,0
DA:392,0
DA:396,0
DA:400,0
DA:430,0
DA:435,0
DA:458,0
DA:477,0
DA:483,0
DA:488,0
DA:521,0
LF:73
LH:0
BRDA:75,0,0,0
BRDA:75,0,1,0
BRDA:93,1,0,0
BRDA:93,1,1,0
BRDA:93,1,2,0
BRDA:93,1,3,0
BRDA:93,1,4,0
BRDA:93,1,5,0
BRDA:147,2,0,0
BRDA:147,2,1,0
BRDA:147,3,0,0
BRDA:147,3,1,0
BRDA:147,4,0,0
BRDA:147,4,1,0
BRDA:149,5,0,0
BRDA:149,5,1,0
BRDA:150,6,0,0
BRDA:150,6,1,0
BRDA:150,7,0,0
BRDA:150,7,1,0
BRDA:150,8,0,0
BRDA:150,8,1,0
BRDA:217,9,0,0
BRDA:217,9,1,0
BRDA:228,10,0,0
BRDA:228,10,1,0
BRDA:239,11,0,0
BRDA:239,11,1,0
BRDA:250,12,0,0
BRDA:250,12,1,0
BRDA:261,13,0,0
BRDA:261,13,1,0
BRDA:272,14,0,0
BRDA:272,14,1,0
BRDA:294,15,0,0
BRDA:294,15,1,0
BRDA:318,16,0,0
BRDA:318,16,1,0
BRDA:325,17,0,0
BRDA:325,17,1,0
BRDA:361,18,0,0
BRDA:361,18,1,0
BRDA:368,19,0,0
BRDA:368,19,1,0
BRDA:401,20,0,0
BRDA:401,20,1,0
BRDA:401,20,2,0
BRDA:403,21,0,0
BRDA:403,21,1,0
BRDA:410,22,0,0
BRDA:410,22,1,0
BRDA:438,23,0,0
BRDA:438,23,1,0
BRDA:445,24,0,0
BRDA:445,24,1,0
BRDA:489,25,0,0
BRDA:489,25,1,0
BRDA:489,25,2,0
BRDA:491,26,0,0
BRDA:491,26,1,0
BRDA:500,27,0,0
BRDA:500,27,1,0
BRDA:513,28,0,0
BRDA:513,28,1,0
BRDA:530,29,0,0
BRDA:530,29,1,0
BRF:66
BRH:0
end_of_record
TN:
SF:components\dashboard\booking-management.tsx
FN:41,BookingManagement
FN:63,(anonymous_8)
FN:63,(anonymous_9)
FN:97,(anonymous_10)
FN:97,(anonymous_11)
FN:132,(anonymous_12)
FN:132,(anonymous_13)
FN:239,(anonymous_14)
FN:248,(anonymous_15)
FN:255,(anonymous_16)
FN:295,(anonymous_17)
FN:305,(anonymous_18)
FN:310,(anonymous_19)
FN:355,(anonymous_20)
FNF:14
FNH:0
FNDA:0,BookingManagement
FNDA:0,(anonymous_8)
FNDA:0,(anonymous_9)
FNDA:0,(anonymous_10)
FNDA:0,(anonymous_11)
FNDA:0,(anonymous_12)
FNDA:0,(anonymous_13)
FNDA:0,(anonymous_14)
FNDA:0,(anonymous_15)
FNDA:0,(anonymous_16)
FNDA:0,(anonymous_17)
FNDA:0,(anonymous_18)
FNDA:0,(anonymous_19)
FNDA:0,(anonymous_20)
DA:3,0
DA:4,0
DA:5,0
DA:7,0
DA:8,0
DA:9,0
DA:10,0
DA:12,0
DA:13,0
DA:41,0
DA:42,0
DA:43,0
DA:44,0
DA:45,0
DA:46,0
DA:49,0
DA:54,0
DA:59,0
DA:60,0
DA:61,0
DA:63,0
DA:64,0
DA:65,0
DA:66,0
DA:71,0
DA:72,0
DA:73,0
DA:74,0
DA:79,0
DA:80,0
DA:87,0
DA:93,0
DA:97,0
DA:98,0
DA:99,0
DA:100,0
DA:106,0
DA:107,0
DA:108,0
DA:109,0
DA:114,0
DA:115,0
DA:122,0
DA:128,0
DA:132,0
DA:133,0
DA:134,0
DA:135,0
DA:143,0
DA:144,0
DA:145,0
DA:146,0
DA:151,0
DA:152,0
DA:159,0
DA:165,0
DA:169,0
DA:239,0
DA:248,0
DA:255,0
DA:295,0
DA:305,0
DA:310,0
DA:355,0
LF:64
LH:0
BRDA:51,0,0,0
BRDA:51,0,1,0
BRDA:71,1,0,0
BRDA:71,1,1,0
BRDA:82,2,0,0
BRDA:82,2,1,0
BRDA:106,3,0,0
BRDA:106,3,1,0
BRDA:117,4,0,0
BRDA:117,4,1,0
BRDA:143,5,0,0
BRDA:143,5,1,0
BRDA:154,6,0,0
BRDA:154,6,1,0
BRDA:207,7,0,0
BRDA:207,7,1,0
BRDA:218,8,0,0
BRDA:218,8,1,0
BRDA:259,9,0,0
BRDA:259,9,1,0
BRDA:273,10,0,0
BRDA:273,10,1,0
BRDA:314,11,0,0
BRDA:314,11,1,0
BRDA:328,12,0,0
BRDA:328,12,1,0
BRDA:363,13,0,0
BRDA:363,13,1,0
BRDA:377,14,0,0
BRDA:377,14,1,0
BRDA:390,15,0,0
BRDA:390,15,1,0
BRDA:391,16,0,0
BRDA:391,16,1,0
BRDA:392,17,0,0
BRDA:392,17,1,0
BRDA:393,18,0,0
BRDA:393,18,1,0
BRDA:394,19,0,0
BRDA:394,19,1,0
BRF:40
BRH:0
end_of_record
TN:
SF:components\dashboard\booking-timeline.tsx
FN:43,(anonymous_0)
FN:120,(anonymous_1)
FN:132,(anonymous_2)
FN:139,BookingTimelineItem
FN:162,(anonymous_4)
FN:187,(anonymous_5)
FN:211,(anonymous_6)
FN:268,BookingTimeline
FN:278,(anonymous_8)
FN:322,(anonymous_9)
FN:334,(anonymous_10)
FN:349,(anonymous_11)
FN:363,CompactBookingTimeline
FN:365,(anonymous_13)
FN:393,(anonymous_14)
FNF:15
FNH:0
FNDA:0,(anonymous_0)
FNDA:0,(anonymous_1)
FNDA:0,(anonymous_2)
FNDA:0,BookingTimelineItem
FNDA:0,(anonymous_4)
FNDA:0,(anonymous_5)
FNDA:0,(anonymous_6)
FNDA:0,BookingTimeline
FNDA:0,(anonymous_8)
FNDA:0,(anonymous_9)
FNDA:0,(anonymous_10)
FNDA:0,(anonymous_11)
FNDA:0,CompactBookingTimeline
FNDA:0,(anonymous_13)
FNDA:0,(anonymous_14)
DA:3,0
DA:4,0
DA:5,0
DA:6,0
DA:11,0
DA:43,0
DA:44,0
DA:46,0
DA:54,0
DA:62,0
DA:70,0
DA:78,0
DA:86,0
DA:94,0
DA:102,0
DA:110,0
DA:120,0
DA:121,0
DA:130,0
DA:132,0
DA:148,0
DA:149,0
DA:150,0
DA:151,0
DA:153,0
DA:162,0
DA:188,0
DA:189,0
DA:211,0
DA:268,0
DA:275,0
DA:278,0
DA:279,0
DA:282,0
DA:283,0
DA:285,0
DA:286,0
DA:310,0
DA:322,0
DA:335,0
DA:349,0
DA:363,0
DA:364,0
DA:365,0
DA:368,0
DA:369,0
DA:380,0
DA:394,0
DA:395,0
DA:397,0
LF:50
LH:0
BRDA:44,0,0,0
BRDA:44,0,1,0
BRDA:44,0,2,0
BRDA:44,0,3,0
BRDA:44,0,4,0
BRDA:44,0,5,0
BRDA:44,0,6,0
BRDA:44,0,7,0
BRDA:44,0,8,0
BRDA:55,1,0,0
BRDA:55,1,1,0
BRDA:156,2,0,0
BRDA:156,2,1,0
BRDA:161,3,0,0
BRDA:161,3,1,0
BRDA:162,4,0,0
BRDA:162,4,1,0
BRDA:162,5,0,0
BRDA:162,5,1,0
BRDA:166,6,0,0
BRDA:166,6,1,0
BRDA:169,7,0,0
BRDA:169,7,1,0
BRDA:170,8,0,0
BRDA:170,8,1,0
BRDA:193,9,0,0
BRDA:193,9,1,0
BRDA:201,10,0,0
BRDA:201,10,1,0
BRDA:214,11,0,0
BRDA:214,11,1,0
BRDA:216,12,0,0
BRDA:216,12,1,0
BRDA:220,13,0,0
BRDA:220,13,1,0
BRDA:222,14,0,0
BRDA:222,14,1,0
BRDA:222,15,0,0
BRDA:222,15,1,0
BRDA:222,16,0,0
BRDA:222,16,1,0
BRDA:232,17,0,0
BRDA:232,17,1,0
BRDA:245,18,0,0
BRDA:245,18,1,0
BRDA:270,19,0,0
BRDA:271,20,0,0
BRDA:272,21,0,0
BRDA:282,22,0,0
BRDA:282,22,1,0
BRDA:285,23,0,0
BRDA:318,24,0,0
BRDA:318,24,1,0
BRDA:318,24,2,0
BRDA:325,25,0,0
BRDA:325,25,1,0
BRDA:344,26,0,0
BRDA:344,26,1,0
BRDA:344,26,2,0
BRDA:344,26,3,0
BRDA:363,27,0,0
BRDA:368,28,0,0
BRDA:400,29,0,0
BRDA:400,29,1,0
BRDA:403,30,0,0
BRDA:403,30,1,0
BRDA:404,31,0,0
BRDA:404,31,1,0
BRF:68
BRH:0
end_of_record
TN:
SF:components\dashboard\cards-demo.tsx
FN:5,CardsDemoPage
FNF:1
FNH:0
FNDA:0,CardsDemoPage
DA:3,0
DA:5,0
DA:6,0
LF:3
LH:0
BRF:0
BRH:0
end_of_record
TN:
SF:components\dashboard\compact-booking-card.tsx
FN:52,CompactBookingCard
FN:60,(anonymous_8)
FN:81,(anonymous_9)
FN:81,(anonymous_10)
FN:144,(anonymous_11)
FN:144,(anonymous_12)
FN:164,(anonymous_13)
FN:164,(anonymous_14)
FN:168,(anonymous_15)
FN:168,(anonymous_16)
FN:189,(anonymous_17)
FN:189,(anonymous_18)
FN:278,(anonymous_19)
FN:364,(anonymous_20)
FN:374,(anonymous_21)
FN:386,(anonymous_22)
FN:425,(anonymous_23)
FN:444,(anonymous_24)
FN:513,(anonymous_25)
FN:520,(anonymous_26)
FN:544,getTimelineSteps
FNF:21
FNH:0
FNDA:0,CompactBookingCard
FNDA:0,(anonymous_8)
FNDA:0,(anonymous_9)
FNDA:0,(anonymous_10)
FNDA:0,(anonymous_11)
FNDA:0,(anonymous_12)
FNDA:0,(anonymous_13)
FNDA:0,(anonymous_14)
FNDA:0,(anonymous_15)
FNDA:0,(anonymous_16)
FNDA:0,(anonymous_17)
FNDA:0,(anonymous_18)
FNDA:0,(anonymous_19)
FNDA:0,(anonymous_20)
FNDA:0,(anonymous_21)
FNDA:0,(anonymous_22)
FNDA:0,(anonymous_23)
FNDA:0,(anonymous_24)
FNDA:0,(anonymous_25)
FNDA:0,(anonymous_26)
FNDA:0,getTimelineSteps
DA:3,0
DA:4,0
DA:5,0
DA:6,0
DA:8,0
DA:9,0
DA:10,0
DA:11,0
DA:12,0
DA:13,0
DA:14,0
DA:15,0
DA:52,0
DA:53,0
DA:54,0
DA:55,0
DA:56,0
DA:57,0
DA:58,0
DA:60,0
DA:61,0
DA:62,0
DA:63,0
DA:64,0
DA:67,0
DA:70,0
DA:71,0
DA:72,0
DA:73,0
DA:75,0
DA:76,0
DA:77,0
DA:78,0
DA:79,0
DA:81,0
DA:83,0
DA:84,0
DA:85,0
DA:86,0
DA:88,0
DA:90,0
DA:91,0
DA:92,0
DA:94,0
DA:95,0
DA:96,0
DA:98,0
DA:99,0
DA:100,0
DA:106,0
DA:107,0
DA:108,0
DA:112,0
DA:113,0
DA:114,0
DA:115,0
DA:116,0
DA:117,0
DA:118,0
DA:119,0
DA:123,0
DA:125,0
DA:127,0
DA:128,0
DA:129,0
DA:130,0
DA:131,0
DA:132,0
DA:133,0
DA:134,0
DA:138,0
DA:140,0
DA:144,0
DA:145,0
DA:146,0
DA:151,0
DA:152,0
DA:153,0
DA:155,0
DA:156,0
DA:159,0
DA:160,0
DA:164,0
DA:165,0
DA:168,0
DA:169,0
DA:170,0
DA:175,0
DA:176,0
DA:177,0
DA:178,0
DA:180,0
DA:181,0
DA:184,0
DA:185,0
DA:189,0
DA:190,0
DA:191,0
DA:192,0
DA:196,0
DA:197,0
DA:198,0
DA:199,0
DA:200,0
DA:202,0
DA:206,0
DA:207,0
DA:209,0
DA:213,0
DA:279,0
DA:364,0
DA:375,0
DA:387,0
DA:425,0
DA:444,0
DA:513,0
DA:520,0
DA:545,0
DA:553,0
LF:119
LH:0
BRDA:70,0,0,0
BRDA:70,0,1,0
BRDA:71,1,0,0
BRDA:71,1,1,0
BRDA:72,2,0,0
BRDA:72,2,1,0
BRDA:73,3,0,0
BRDA:73,3,1,0
BRDA:76,4,0,0
BRDA:76,4,1,0
BRDA:76,4,2,0
BRDA:76,4,3,0
BRDA:77,5,0,0
BRDA:77,5,1,0
BRDA:79,6,0,0
BRDA:79,6,1,0
BRDA:83,7,0,0
BRDA:88,8,0,0
BRDA:88,9,0,0
BRDA:88,9,1,0
BRDA:88,9,2,0
BRDA:99,10,0,0
BRDA:106,11,0,0
BRDA:114,12,0,0
BRDA:116,13,0,0
BRDA:116,13,1,0
BRDA:116,14,0,0
BRDA:116,14,1,0
BRDA:117,15,0,0
BRDA:117,16,0,0
BRDA:117,16,1,0
BRDA:117,17,0,0
BRDA:117,17,1,0
BRDA:117,18,0,0
BRDA:117,18,1,0
BRDA:117,19,0,0
BRDA:117,19,1,0
BRDA:117,20,0,0
BRDA:117,20,1,0
BRDA:123,21,0,0
BRDA:123,21,1,0
BRDA:129,22,0,0
BRDA:131,23,0,0
BRDA:131,23,1,0
BRDA:131,24,0,0
BRDA:131,24,1,0
BRDA:132,25,0,0
BRDA:132,26,0,0
BRDA:132,26,1,0
BRDA:132,27,0,0
BRDA:132,27,1,0
BRDA:132,28,0,0
BRDA:132,28,1,0
BRDA:132,29,0,0
BRDA:132,29,1,0
BRDA:132,30,0,0
BRDA:132,30,1,0
BRDA:151,31,0,0
BRDA:151,31,1,0
BRDA:156,32,0,0
BRDA:156,32,1,0
BRDA:175,33,0,0
BRDA:175,33,1,0
BRDA:181,34,0,0
BRDA:181,34,1,0
BRDA:196,35,0,0
BRDA:198,36,0,0
BRDA:198,36,1,0
BRDA:198,37,0,0
BRDA:198,37,1,0
BRDA:198,38,0,0
BRDA:198,38,1,0
BRDA:198,39,0,0
BRDA:198,39,1,0
BRDA:246,40,0,0
BRDA:246,40,1,0
BRDA:281,41,0,0
BRDA:281,41,1,0
BRDA:285,42,0,0
BRDA:285,42,1,0
BRDA:288,43,0,0
BRDA:288,43,1,0
BRDA:292,44,0,0
BRDA:292,44,1,0
BRDA:294,45,0,0
BRDA:294,45,1,0
BRDA:341,46,0,0
BRDA:341,46,1,0
BRDA:369,47,0,0
BRDA:369,47,1,0
BRDA:381,48,0,0
BRDA:381,48,1,0
BRDA:381,49,0,0
BRDA:381,49,1,0
BRDA:381,50,0,0
BRDA:381,50,1,0
BRDA:397,51,0,0
BRDA:397,51,1,0
BRDA:406,52,0,0
BRDA:406,52,1,0
BRDA:421,53,0,0
BRDA:421,53,1,0
BRDA:431,54,0,0
BRDA:431,54,1,0
BRDA:448,55,0,0
BRDA:448,55,1,0
BRDA:454,56,0,0
BRDA:454,56,1,0
BRDA:461,57,0,0
BRDA:461,57,1,0
BRDA:466,58,0,0
BRDA:466,58,1,0
BRDA:470,59,0,0
BRDA:470,59,1,0
BRDA:485,60,0,0
BRDA:485,60,1,0
BRDA:497,61,0,0
BRDA:497,61,1,0
BRDA:528,62,0,0
BRDA:528,62,1,0
BRDA:528,62,2,0
BRDA:531,63,0,0
BRDA:531,63,1,0
BRDA:548,64,0,0
BRDA:548,64,1,0
BRF:125
BRH:0
end_of_record
TN:
SF:components\dashboard\dark-cards.tsx
FN:11,DarkExampleCards
FN:151,DarkUpcomingBookingsCard
FN:219,DarkPaymentsCard
FN:272,DarkSupportCard
FNF:4
FNH:0
FNDA:0,DarkExampleCards
FNDA:0,DarkUpcomingBookingsCard
FNDA:0,DarkPaymentsCard
FNDA:0,DarkSupportCard
DA:3,0
DA:4,0
DA:5,0
DA:6,0
DA:11,0
DA:12,0
DA:151,0
DA:152,0
DA:219,0
DA:220,0
DA:272,0
DA:273,0
LF:12
LH:0
BRF:0
BRH:0
end_of_record
TN:
SF:components\dashboard\dark-dashboard.tsx
FN:15,DarkDashboard
FN:92,(anonymous_1)
FN:112,(anonymous_2)
FN:138,(anonymous_3)
FN:147,(anonymous_4)
FN:211,(anonymous_5)
FN:220,(anonymous_6)
FN:282,(anonymous_7)
FN:329,(anonymous_8)
FNF:9
FNH:0
FNDA:0,DarkDashboard
FNDA:0,(anonymous_1)
FNDA:0,(anonymous_2)
FNDA:0,(anonymous_3)
FNDA:0,(anonymous_4)
FNDA:0,(anonymous_5)
FNDA:0,(anonymous_6)
FNDA:0,(anonymous_7)
FNDA:0,(anonymous_8)
DA:3,0
DA:4,0
DA:5,0
DA:6,0
DA:7,0
DA:8,0
DA:15,0
DA:16,0
DA:17,0
DA:20,0
DA:55,0
DA:82,0
DA:92,0
DA:93,0
DA:95,0
DA:97,0
DA:99,0
DA:101,0
DA:105,0
DA:112,0
DA:138,0
DA:148,0
DA:149,0
DA:211,0
DA:220,0
DA:283,0
DA:284,0
DA:285,0
DA:330,0
LF:29
LH:0
BRDA:93,0,0,0
BRDA:93,0,1,0
BRDA:93,0,2,0
BRDA:93,0,3,0
BRDA:109,1,0,0
BRDA:109,1,1,0
BRDA:118,2,0,0
BRDA:118,2,1,0
BRDA:119,3,0,0
BRDA:119,3,1,0
BRDA:123,4,0,0
BRDA:123,4,1,0
BRDA:153,5,0,0
BRDA:153,5,1,0
BRDA:156,6,0,0
BRDA:156,6,1,0
BRDA:157,7,0,0
BRDA:157,7,1,0
BRDA:160,8,0,0
BRDA:160,8,1,0
BRDA:162,9,0,0
BRDA:162,9,1,0
BRDA:165,10,0,0
BRDA:165,10,1,0
BRDA:178,11,0,0
BRDA:178,11,1,0
BRDA:200,12,0,0
BRDA:200,12,1,0
BRDA:284,13,0,0
BRDA:284,13,1,0
BRDA:293,14,0,0
BRDA:293,14,1,0
BRDA:294,15,0,0
BRDA:294,15,1,0
BRF:34
BRH:0
end_of_record
TN:
SF:components\dashboard\dark-header.tsx
FN:17,DarkHeader
FN:25,(anonymous_1)
FN:33,(anonymous_2)
FN:41,(anonymous_3)
FN:123,DarkHeaderCompact
FN:131,(anonymous_5)
FN:139,(anonymous_6)
FN:147,(anonymous_7)
FNF:8
FNH:0
FNDA:0,DarkHeader
FNDA:0,(anonymous_1)
FNDA:0,(anonymous_2)
FNDA:0,(anonymous_3)
FNDA:0,DarkHeaderCompact
FNDA:0,(anonymous_5)
FNDA:0,(anonymous_6)
FNDA:0,(anonymous_7)
DA:3,0
DA:4,0
DA:5,0
DA:17,0
DA:25,0
DA:26,0
DA:27,0
DA:29,0
DA:33,0
DA:34,0
DA:35,0
DA:37,0
DA:41,0
DA:42,0
DA:43,0
DA:45,0
DA:49,0
DA:123,0
DA:131,0
DA:132,0
DA:133,0
DA:135,0
DA:139,0
DA:140,0
DA:141,0
DA:143,0
DA:147,0
DA:148,0
DA:149,0
DA:151,0
DA:155,0
LF:31
LH:0
BRDA:18,0,0,0
BRDA:22,1,0,0
BRDA:26,2,0,0
BRDA:26,2,1,0
BRDA:34,3,0,0
BRDA:34,3,1,0
BRDA:42,4,0,0
BRDA:42,4,1,0
BRDA:124,5,0,0
BRDA:128,6,0,0
BRDA:132,7,0,0
BRDA:132,7,1,0
BRDA:140,8,0,0
BRDA:140,8,1,0
BRDA:148,9,0,0
BRDA:148,9,1,0
BRF:16
BRH:0
end_of_record
TN:
SF:components\dashboard\dark-theme-demo.tsx
FN:15,DarkThemeDemo
FN:19,(anonymous_1)
FN:20,(anonymous_2)
FN:23,(anonymous_3)
FN:24,(anonymous_4)
FN:25,(anonymous_5)
FN:49,(anonymous_6)
FN:60,(anonymous_7)
FN:71,(anonymous_8)
FN:161,(anonymous_9)
FNF:10
FNH:0
FNDA:0,DarkThemeDemo
FNDA:0,(anonymous_1)
FNDA:0,(anonymous_2)
FNDA:0,(anonymous_3)
FNDA:0,(anonymous_4)
FNDA:0,(anonymous_5)
FNDA:0,(anonymous_6)
FNDA:0,(anonymous_7)
FNDA:0,(anonymous_8)
FNDA:0,(anonymous_9)
DA:3,0
DA:4,0
DA:5,0
DA:6,0
DA:7,0
DA:8,0
DA:9,0
DA:10,0
DA:15,0
DA:16,0
DA:17,0
DA:19,0
DA:20,0
DA:23,0
DA:24,0
DA:25,0
DA:27,0
DA:28,0
DA:31,0
DA:49,0
DA:60,0
DA:71,0
DA:162,0
LF:23
LH:0
BRDA:27,0,0,0
BRDA:51,1,0,0
BRDA:51,1,1,0
BRDA:62,2,0,0
BRDA:62,2,1,0
BRDA:73,3,0,0
BRDA:73,3,1,0
BRDA:83,4,0,0
BRDA:83,4,1,0
BRDA:157,5,0,0
BRDA:157,5,1,0
BRDA:173,6,0,0
BRDA:173,6,1,0
BRF:13
BRH:0
end_of_record
TN:
SF:components\dashboard\dashboard-content-fixed.tsx
FN:22,getServiceIcon
FN:33,DashboardContent
FN:56,(anonymous_9)
FN:77,(anonymous_10)
FN:95,(anonymous_11)
FN:95,(anonymous_12)
FN:111,(anonymous_13)
FN:112,fetchDashboardData
FN:220,(anonymous_16)
FN:236,(anonymous_17)
FN:237,(anonymous_18)
FN:238,(anonymous_19)
FN:239,(anonymous_20)
FN:240,(anonymous_21)
FN:243,(anonymous_22)
FN:244,(anonymous_23)
FN:247,(anonymous_24)
FN:248,(anonymous_25)
FN:249,(anonymous_26)
FN:254,(anonymous_27)
FN:259,(anonymous_28)
FN:271,(anonymous_29)
FN:273,(anonymous_30)
FN:274,(anonymous_31)
FN:277,(anonymous_32)
FN:289,(anonymous_33)
FN:312,(anonymous_34)
FN:338,(anonymous_35)
FN:347,(anonymous_36)
FN:413,(anonymous_37)
FN:422,(anonymous_38)
FN:456,(anonymous_39)
FN:476,(anonymous_40)
FN:487,(anonymous_41)
FN:490,(anonymous_42)
FN:568,(anonymous_43)
FN:633,(anonymous_44)
FN:681,(anonymous_45)
FN:687,(anonymous_46)
FNF:39
FNH:0
FNDA:0,getServiceIcon
FNDA:0,DashboardContent
FNDA:0,(anonymous_9)
FNDA:0,(anonymous_10)
FNDA:0,(anonymous_11)
FNDA:0,(anonymous_12)
FNDA:0,(anonymous_13)
FNDA:0,fetchDashboardData
FNDA:0,(anonymous_16)
FNDA:0,(anonymous_17)
FNDA:0,(anonymous_18)
FNDA:0,(anonymous_19)
FNDA:0,(anonymous_20)
FNDA:0,(anonymous_21)
FNDA:0,(anonymous_22)
FNDA:0,(anonymous_23)
FNDA:0,(anonymous_24)
FNDA:0,(anonymous_25)
FNDA:0,(anonymous_26)
FNDA:0,(anonymous_27)
FNDA:0,(anonymous_28)
FNDA:0,(anonymous_29)
FNDA:0,(anonymous_30)
FNDA:0,(anonymous_31)
FNDA:0,(anonymous_32)
FNDA:0,(anonymous_33)
FNDA:0,(anonymous_34)
FNDA:0,(anonymous_35)
FNDA:0,(anonymous_36)
FNDA:0,(anonymous_37)
FNDA:0,(anonymous_38)
FNDA:0,(anonymous_39)
FNDA:0,(anonymous_40)
FNDA:0,(anonymous_41)
FNDA:0,(anonymous_42)
FNDA:0,(anonymous_43)
FNDA:0,(anonymous_44)
FNDA:0,(anonymous_45)
FNDA:0,(anonymous_46)
DA:3,0
DA:4,0
DA:5,0
DA:6,0
DA:7,0
DA:8,0
DA:9,0
DA:17,0
DA:18,0
DA:19,0
DA:23,0
DA:24,0
DA:25,0
DA:26,0
DA:27,0
DA:28,0
DA:29,0
DA:30,0
DA:33,0
DA:34,0
DA:35,0
DA:36,0
DA:37,0
DA:38,0
DA:39,0
[...]
BRDA:39,7,0,0
BRDA:39,8,0,0
BRDA:39,8,1,0
BRDA:44,9,0,0
BRDA:59,10,0,0
BRDA:76,11,0,0
BRDA:84,12,0,0
BRDA:92,13,0,0
BRDA:103,14,0,0
BRDA:104,15,0,0
BRDA:111,16,0,0
BRDA:111,17,0,0
BRDA:111,17,1,0
BRF:24
BRH:0
end_of_record
TN:
SF:lib\logger.ts
FN:66,(anonymous_16)
FN:87,(anonymous_17)
FN:94,(anonymous_18)
FN:125,(anonymous_19)
FN:145,(anonymous_21)
FN:175,(anonymous_23)
FN:180,(anonymous_25)
FN:207,(anonymous_26)
FN:234,(anonymous_28)
FN:264,(anonymous_29)
FN:268,(anonymous_30)
FN:272,(anonymous_31)
FN:276,(anonymous_32)
FN:280,(anonymous_33)
FN:285,(anonymous_34)
FN:289,(anonymous_35)
FN:293,(anonymous_36)
FN:297,(anonymous_37)
FN:301,(anonymous_38)
FN:305,(anonymous_39)
FN:318,(anonymous_40)
FN:320,(anonymous_41)
FN:325,(anonymous_42)
FN:327,(anonymous_43)
FN:332,(anonymous_44)
FN:334,(anonymous_45)
FN:340,(anonymous_46)
FN:342,(anonymous_47)
FNF:28
FNH:0
FNDA:0,(anonymous_16)
FNDA:0,(anonymous_17)
FNDA:0,(anonymous_18)
FNDA:0,(anonymous_19)
FNDA:0,(anonymous_21)
FNDA:0,(anonymous_23)
FNDA:0,(anonymous_25)
FNDA:0,(anonymous_26)
FNDA:0,(anonymous_28)
FNDA:0,(anonymous_29)
FNDA:0,(anonymous_30)
FNDA:0,(anonymous_31)
FNDA:0,(anonymous_32)
FNDA:0,(anonymous_33)
FNDA:0,(anonymous_34)
FNDA:0,(anonymous_35)
FNDA:0,(anonymous_36)
FNDA:0,(anonymous_37)
FNDA:0,(anonymous_38)
FNDA:0,(anonymous_39)
FNDA:0,(anonymous_40)
FNDA:0,(anonymous_41)
FNDA:0,(anonymous_42)
FNDA:0,(anonymous_43)
FNDA:0,(anonymous_44)
FNDA:0,(anonymous_45)
FNDA:0,(anonymous_46)
FNDA:0,(anonymous_47)
DA:19,0
DA:20,0
DA:21,0
DA:63,0
DA:64,0
DA:67,0
DA:79,0
DA:80,0
DA:81,0
DA:82,0
DA:88,0
DA:89,0
DA:90,0
DA:91,0
DA:95,0
DA:97,0
DA:104,0
DA:112,0
DA:121,0
DA:126,0
DA:128,0
DA:129,0
DA:132,0
DA:133,0
DA:134,0
DA:135,0
DA:139,0
DA:141,0
DA:146,0
DA:148,0
DA:149,0
DA:150,0
DA:153,0
DA:154,0
DA:155,0
DA:157,0
DA:158,0
DA:159,0
DA:161,0
DA:167,0
DA:168,0
DA:171,0
DA:176,0
DA:178,0
DA:180,0
DA:181,0
DA:183,0
DA:201,0
DA:203,0
DA:208,0
DA:210,0
DA:211,0
DA:212,0
DA:214,0
DA:215,0
DA:217,0
DA:218,0
DA:222,0
DA:225,0
DA:227,0
DA:231,0
DA:243,0
DA:245,0
DA:261,0
DA:264,0
DA:269,0
DA:273,0
DA:277,0
DA:281,0
DA:286,0
DA:290,0
DA:294,0
DA:298,0
DA:302,0
DA:306,0
DA:311,0
DA:314,0
DA:317,0
DA:319,0
DA:321,0
DA:324,0
DA:326,0
DA:328,0
DA:331,0
DA:333,0
DA:335,0
DA:339,0
DA:341,0
DA:343,0
DA:346,0
LF:90
LH:0
BRDA:19,0,0,0
BRDA:68,1,0,0
BRDA:68,1,1,0
BRDA:72,2,0,0
BRDA:72,2,1,0
BRDA:79,3,0,0
BRDA:79,4,0,0
BRDA:79,4,1,0
BRDA:79,4,2,0
BRDA:79,4,3,0
BRDA:79,4,4,0
BRDA:81,5,0,0
BRDA:95,6,0,0
BRDA:95,6,1,0
BRDA:95,7,0,0
BRDA:95,7,1,0
BRDA:113,8,0,0
BRDA:113,8,1,0
BRDA:114,9,0,0
BRDA:114,9,1,0
BRDA:115,10,0,0
BRDA:115,10,1,0
BRDA:116,11,0,0
BRDA:116,11,1,0
BRDA:117,12,0,0
BRDA:117,12,1,0
BRDA:126,13,0,0
BRDA:126,14,0,0
BRDA:126,14,1,0
BRDA:126,14,2,0
BRDA:126,14,3,0
BRDA:132,15,0,0
BRDA:134,16,0,0
BRDA:146,17,0,0
BRDA:146,18,0,0
BRDA:146,18,1,0
BRDA:146,18,2,0
BRDA:146,18,3,0
BRDA:157,19,0,0
BRDA:158,20,0,0
BRDA:158,20,1,0
BRDA:167,21,0,0
BRDA:176,22,0,0
BRDA:208,23,0,0
BRDA:208,24,0,0
BRDA:208,24,1,0
BRDA:217,25,0,0
BRDA:243,26,0,0
BRDA:250,27,0,0
BRDA:250,27,1,0
BRDA:250,28,0,0
BRDA:250,28,1,0
BRDA:253,29,0,0
BRDA:253,29,1,0
BRDA:253,30,0,0
BRDA:253,30,1,0
BRDA:254,31,0,0
BRDA:254,31,1,0
BRDA:254,32,0,0
BRDA:254,32,1,0
BRDA:255,33,0,0
BRDA:255,33,1,0
BRDA:255,34,0,0
BRDA:255,34,1,0
BRDA:256,35,0,0
BRDA:256,35,1,0
BRDA:256,36,0,0
BRDA:256,36,1,0
BRDA:257,37,0,0
BRDA:257,37,1,0
BRDA:257,38,0,0
BRDA:257,38,1,0
BRDA:258,39,0,0
BRDA:258,39,1,0
BRDA:258,40,0,0
BRDA:258,40,1,0
BRDA:258,41,0,0
BRDA:258,41,1,0
BRDA:258,42,0,0
BRDA:258,42,1,0
BRF:80
BRH:0
end_of_record
TN:
SF:lib\mobile-design-system.ts
FNF:0
FNH:0
DA:7,0
DA:17,0
DA:31,0
DA:60,0
DA:69,0
DA:81,0
DA:91,0
DA:167,0
DA:239,0
DA:250,0
DA:267,0
DA:276,0
DA:290,0
LF:13
LH:0
BRF:0
BRH:0
end_of_record
TN:
SF:lib\notification-service.ts
FN:45,createNotification
FN:77,createBulkNotifications
FN:80,(anonymous_11)
FN:94,getUserNotifications
FN:94,(anonymous_13)
FN:121,markNotificationAsRead
FN:143,markAllNotificationsAsRead
FN:166,getUnreadNotificationCount
FN:185,cleanupOldNotifications
FN:185,(anonymous_21)
FN:211,(anonymous_22)
FN:217,(anonymous_23)
FN:223,(anonymous_24)
FN:229,(anonymous_25)
FN:235,(anonymous_26)
FN:241,(anonymous_27)
FN:247,(anonymous_28)
FN:253,(anonymous_29)
FN:259,(anonymous_30)
FN:265,(anonymous_31)
FN:271,(anonymous_32)
FN:277,(anonymous_33)
FN:283,(anonymous_34)
FNF:23
FNH:0
FNDA:0,createNotification
FNDA:0,createBulkNotifications
FNDA:0,(anonymous_11)
FNDA:0,getUserNotifications
FNDA:0,(anonymous_13)
FNDA:0,markNotificationAsRead
FNDA:0,markAllNotificationsAsRead
FNDA:0,getUnreadNotificationCount
FNDA:0,cleanupOldNotifications
FNDA:0,(anonymous_21)
FNDA:0,(anonymous_22)
FNDA:0,(anonymous_23)
FNDA:0,(anonymous_24)
FNDA:0,(anonymous_25)
FNDA:0,(anonymous_26)
FNDA:0,(anonymous_27)
FNDA:0,(anonymous_28)
FNDA:0,(anonymous_29)
FNDA:0,(anonymous_30)
FNDA:0,(anonymous_31)
FNDA:0,(anonymous_32)
FNDA:0,(anonymous_33)
FNDA:0,(anonymous_34)
DA:1,0
DA:45,0
DA:46,0
DA:47,0
DA:66,0
DA:67,0
DA:69,0
DA:70,0
DA:77,0
DA:78,0
DA:79,0
DA:80,0
DA:83,0
DA:84,0
DA:86,0
DA:87,0
DA:94,0
DA:95,0
DA:96,0
DA:111,0
DA:113,0
DA:114,0
DA:121,0
DA:122,0
DA:123,0
DA:133,0
DA:135,0
DA:136,0
DA:143,0
DA:144,0
DA:145,0
DA:155,0
DA:156,0
DA:158,0
DA:159,0
DA:166,0
DA:167,0
DA:168,0
DA:175,0
DA:177,0
DA:178,0
DA:185,0
DA:186,0
DA:187,0
DA:188,0
DA:190,0
DA:199,0
DA:200,0
DA:202,0
DA:203,0
DA:210,0
DA:211,0
DA:217,0
DA:223,0
DA:229,0
DA:235,0
DA:241,0
DA:247,0
DA:253,0
DA:259,0
DA:265,0
DA:271,0
DA:277,0
DA:283,0
LF:64
LH:0
BRDA:94,0,0,0
BRDA:185,1,0,0
BRDA:214,2,0,0
BRDA:214,2,1,0
BRDA:214,3,0,0
BRDA:214,3,1,0
BRDA:214,4,0,0
BRDA:214,4,1,0
BRDA:214,5,0,0
BRDA:214,5,1,0
BRDA:214,6,0,0
BRDA:214,6,1,0
BRDA:214,7,0,0
BRDA:214,7,1,0
BRDA:220,8,0,0
BRDA:220,8,1,0
BRDA:220,9,0,0
BRDA:220,9,1,0
BRDA:220,10,0,0
BRDA:220,10,1,0
BRDA:220,11,0,0
BRDA:220,11,1,0
BRDA:220,12,0,0
BRDA:220,12,1,0
BRDA:220,13,0,0
BRDA:220,13,1,0
BRDA:226,14,0,0
BRDA:226,14,1,0
BRDA:226,15,0,0
BRDA:226,15,1,0
BRDA:226,16,0,0
BRDA:226,16,1,0
BRDA:232,17,0,0
BRDA:232,17,1,0
BRDA:232,18,0,0
BRDA:232,18,1,0
BRDA:232,19,0,0
BRDA:232,19,1,0
BRDA:232,20,0,0
BRDA:232,20,1,0
BRDA:238,21,0,0
BRDA:238,21,1,0
BRDA:238,22,0,0
BRDA:238,22,1,0
BRDA:238,23,0,0
BRDA:238,23,1,0
BRDA:244,24,0,0
BRDA:244,24,1,0
BRDA:244,25,0,0
BRDA:244,25,1,0
BRDA:244,26,0,0
BRDA:244,26,1,0
BRDA:250,27,0,0
BRDA:250,27,1,0
BRDA:250,28,0,0
BRDA:250,28,1,0
BRDA:250,29,0,0
BRDA:250,29,1,0
BRDA:250,30,0,0
BRDA:250,30,1,0
BRDA:250,31,0,0
BRDA:250,31,1,0
BRDA:250,32,0,0
BRDA:250,32,1,0
BRDA:256,33,0,0
BRDA:256,33,1,0
BRDA:256,34,0,0
BRDA:256,34,1,0
BRDA:256,35,0,0
BRDA:256,35,1,0
BRF:70
BRH:0
end_of_record
TN:
SF:lib\payment-utils.ts
FN:12,processPayment
FN:95,handlePaymentResult
FNF:2
FNH:0
FNDA:0,processPayment
FNDA:0,handlePaymentResult
DA:1,0
DA:12,0
DA:13,0
DA:14,0
DA:22,0
DA:23,0
DA:26,0
DA:27,0
DA:36,0
DA:42,0
DA:44,0
DA:46,0
DA:47,0
DA:48,0
DA:49,0
DA:50,0
DA:51,0
DA:52,0
DA:61,0
DA:62,0
DA:72,0
DA:78,0
DA:86,0
DA:87,0
DA:95,0
DA:96,0
DA:97,0
DA:99,0
DA:102,0
DA:103,0
DA:107,0
DA:108,0
DA:110,0
DA:111,0
DA:114,0
DA:115,0
DA:117,0
DA:118,0
DA:121,0
DA:122,0
DA:124,0
DA:125,0
DA:126,0
DA:127,0
DA:128,0
DA:129,0
DA:131,0
DA:135,0
DA:136,0
DA:143,0
DA:144,0
DA:145,0
DA:149,0
DA:150,0
DA:152,0
DA:156,0
LF:56
LH:0
BRDA:22,0,0,0
BRDA:22,0,1,0
BRDA:26,1,0,0
BRDA:38,2,0,0
BRDA:38,2,1,0
BRDA:44,3,0,0
BRDA:44,3,1,0
BRDA:48,4,0,0
BRDA:50,5,0,0
BRDA:50,5,1,0
BRDA:50,6,0,0
BRDA:50,6,1,0
BRDA:51,7,0,0
BRDA:51,8,0,0
BRDA:51,8,1,0
BRDA:51,9,0,0
BRDA:51,9,1,0
BRDA:51,10,0,0
BRDA:51,10,1,0
BRDA:51,11,0,0
BRDA:51,11,1,0
BRDA:51,12,0,0
BRDA:51,12,1,0
BRDA:61,13,0,0
BRDA:61,14,0,0
BRDA:61,14,1,0
BRDA:61,14,2,0
BRDA:61,14,3,0
BRDA:61,15,0,0
BRDA:61,15,1,0
BRDA:61,16,0,0
BRDA:61,16,1,0
BRDA:61,17,0,0
BRDA:61,17,1,0
BRDA:61,18,0,0
BRDA:61,18,1,0
BRDA:61,19,0,0
BRDA:61,19,1,0
BRDA:61,20,0,0
BRDA:61,20,1,0
BRDA:61,21,0,0
BRDA:61,21,1,0
BRDA:61,22,0,0
BRDA:61,22,1,0
BRDA:80,23,0,0
BRDA:80,23,1,0
BRDA:96,24,0,0
BRDA:96,24,1,0
BRDA:97,25,0,0
BRDA:97,25,1,0
BRDA:97,26,0,0
BRDA:97,26,1,0
BRDA:102,27,0,0
BRDA:102,28,0,0
BRDA:102,28,1,0
BRDA:110,29,0,0
BRDA:117,30,0,0
BRDA:124,31,0,0
BRDA:126,32,0,0
BRDA:126,32,1,0
BRDA:144,33,0,0
BRDA:144,34,0,0
BRDA:144,34,1,0
BRDA:144,34,2,0
BRDA:149,35,0,0
BRDA:149,35,1,0
BRF:66
BRH:0
end_of_record
TN:
SF:lib\paystack.ts
FN:11,(anonymous_7)
FN:17,(anonymous_8)
FN:141,(anonymous_9)
FN:142,(anonymous_10)
FN:151,(anonymous_11)
FN:162,(anonymous_12)
FN:181,(anonymous_13)
FN:205,(anonymous_14)
FN:212,(anonymous_15)
FN:213,(anonymous_16)
FN:244,(anonymous_17)
FN:333,(anonymous_19)
FN:377,(anonymous_21)
FN:420,(anonymous_23)
FN:444,(anonymous_25)
FN:482,(anonymous_27)
FN:487,(anonymous_28)
FN:513,(anonymous_30)
FN:518,(anonymous_31)
FN:535,(anonymous_32)
FN:545,(anonymous_33)
FNF:21
FNH:0
FNDA:0,(anonymous_7)
FNDA:0,(anonymous_8)
FNDA:0,(anonymous_9)
FNDA:0,(anonymous_10)
FNDA:0,(anonymous_11)
FNDA:0,(anonymous_12)
FNDA:0,(anonymous_13)
FNDA:0,(anonymous_14)
FNDA:0,(anonymous_15)
FNDA:0,(anonymous_16)
FNDA:0,(anonymous_17)
FNDA:0,(anonymous_19)
FNDA:0,(anonymous_21)
FNDA:0,(anonymous_23)
FNDA:0,(anonymous_25)
FNDA:0,(anonymous_27)
FNDA:0,(anonymous_28)
FNDA:0,(anonymous_30)
FNDA:0,(anonymous_31)
FNDA:0,(anonymous_32)
FNDA:0,(anonymous_33)
DA:1,0
DA:2,0
DA:5,0
DA:11,0
DA:13,0
DA:14,0
DA:17,0
DA:18,0
DA:19,0
DA:24,0
DA:27,0
DA:69,0
DA:89,0
DA:99,0
DA:119,0
DA:141,0
DA:143,0
DA:152,0
DA:163,0
DA:179,0
DA:183,0
DA:184,0
DA:185,0
DA:186,0
DA:187,0
DA:190,0
DA:191,0
DA:192,0
DA:193,0
DA:196,0
DA:198,0
DA:200,0
DA:201,0
DA:206,0
DA:207,0
DA:209,0
DA:213,0
DA:217,0
DA:218,0
DA:223,0
DA:224,0
DA:230,0
DA:231,0
DA:232,0
DA:235,0
DA:236,0
DA:238,0
DA:239,0
DA:251,0
DA:258,0
DA:259,0
DA:262,0
DA:263,0
DA:272,0
DA:273,0
DA:276,0
DA:286,0
DA:299,0
DA:300,0
DA:305,0
DA:307,0
DA:310,0
DA:311,0
DA:312,0
DA:314,0
DA:315,0
DA:317,0
DA:318,0
DA:320,0
DA:321,0
DA:323,0
DA:324,0
DA:328,0
DA:334,0
DA:335,0
DA:338,0
DA:339,0
DA:357,0
DA:358,0
DA:361,0
DA:362,0
DA:364,0
DA:369,0
DA:371,0
DA:372,0
DA:384,0
DA:390,0
DA:391,0
DA:393,0
DA:406,0
DA:407,0
DA:412,0
DA:414,0
DA:415,0
DA:426,0
DA:432,0
DA:433,0
DA:434,0
DA:435,0
DA:436,0
DA:438,0
DA:439,0
DA:449,0
DA:455,0
DA:456,0
DA:458,0
DA:468,0
DA:469,0
DA:474,0
DA:476,0
DA:477,0
DA:483,0
DA:488,0
DA:490,0
DA:491,0
DA:495,0
DA:496,0
DA:497,0
DA:499,0
DA:500,0
DA:506,0
DA:509,0
DA:511,0
DA:514,0
DA:519,0
DA:520,0
DA:521,0
DA:523,0
DA:530,0
DA:531,0
DA:536,0
DA:537,0
DA:538,0
DA:540,0
DA:541,0
DA:546,0
DA:548,0
DA:549,0
DA:552,0
DA:553,0
DA:554,0
DA:556,0
DA:561,0
DA:562,0
DA:563,0
DA:565,0
DA:566,0
DA:572,0
DA:575,0
LF:149
LH:0
BRDA:13,0,0,0
BRDA:18,1,0,0
BRDA:156,2,0,0
BRDA:156,2,1,0
BRDA:156,3,0,0
BRDA:156,3,1,0
BRDA:156,4,0,0
BRDA:156,4,1,0
BRDA:157,5,0,0
BRDA:157,5,1,0
BRDA:157,6,0,0
BRDA:157,6,1,0
BRDA:183,7,0,0
BRDA:201,8,0,0
BRDA:201,8,1,0
BRDA:206,9,0,0
BRDA:214,10,0,0
BRDA:227,11,0,0
BRDA:227,11,1,0
BRDA:230,12,0,0
BRDA:262,13,0,0
BRDA:288,14,0,0
BRDA:288,14,1,0
BRDA:289,15,0,0
BRDA:289,15,1,0
BRDA:289,16,0,0
BRDA:289,16,1,0
BRDA:290,17,0,0
BRDA:290,17,1,0
BRDA:290,18,0,0
BRDA:290,18,1,0
BRDA:310,19,0,0
BRDA:311,20,0,0
BRDA:314,21,0,0
BRDA:317,22,0,0
BRDA:320,23,0,0
BRDA:323,24,0,0
BRDA:328,25,0,0
BRDA:328,25,1,0
BRDA:338,26,0,0
BRDA:372,27,0,0
BRDA:372,27,1,0
BRDA:415,28,0,0
BRDA:415,28,1,0
BRDA:464,29,0,0
BRDA:464,29,1,0
BRDA:477,30,0,0
BRDA:477,30,1,0
BRDA:490,31,0,0
BRDA:518,32,0,0
BRDA:535,33,0,0
BRDA:548,34,0,0
BRF:52
BRH:0
end_of_record
TN:
SF:lib\prisma-health.ts
FN:6,checkPrismaHealth
FN:26,ensurePrismaConnection
FN:54,withConnectionRetry
FN:55,(anonymous_12)
FNF:4
FNH:0
FNDA:0,checkPrismaHealth
FNDA:0,ensurePrismaConnection
FNDA:0,withConnectionRetry
FNDA:0,(anonymous_12)
DA:1,0
DA:6,0
DA:7,0
DA:8,0
DA:9,0
DA:10,0
DA:14,0
DA:15,0
DA:16,0
DA:18,0
DA:19,0
DA:26,0
DA:27,0
DA:28,0
DA:29,0
DA:30,0
DA:34,0
DA:35,0
DA:36,0
DA:38,0
DA:42,0
DA:43,0
DA:44,0
DA:46,0
DA:47,0
DA:54,0
DA:55,0
DA:59,0
DA:60,0
DA:61,0
DA:65,0
LF:31
LH:0
BRDA:8,0,0,0
BRDA:28,1,0,0
BRDA:56,2,0,0
BRDA:60,3,0,0
BRF:4
BRH:0
end_of_record
TN:
SF:lib\prisma.ts
FNF:0
FNH:0
DA:1,0
DA:3,0
DA:6,0
DA:8,0
DA:22,0
LF:5
LH:0
BRDA:9,0,0,0
BRDA:9,0,1,0
BRDA:11,1,0,0
BRDA:11,1,1,0
BRDA:12,2,0,0
BRDA:12,2,1,0
BRDA:22,3,0,0
BRF:7
BRH:0
end_of_record
TN:
SF:lib\socket-client.ts
FN:42,useSocket
FN:69,(anonymous_8)
FN:74,(anonymous_9)
FN:94,(anonymous_10)
FN:101,(anonymous_11)
FN:126,(anonymous_12)
FN:133,(anonymous_13)
FN:147,(anonymous_14)
FN:154,(anonymous_15)
FN:170,(anonymous_16)
FN:178,(anonymous_17)
FN:185,(anonymous_18)
FN:192,(anonymous_19)
FN:200,(anonymous_20)
FN:204,(anonymous_21)
FN:212,(anonymous_22)
FN:216,(anonymous_23)
FN:224,(anonymous_24)
FN:228,(anonymous_25)
FN:236,(anonymous_26)
FN:247,(anonymous_27)
FN:261,(anonymous_28)
FN:261,(anonymous_29)
FN:298,(anonymous_30)
FN:312,(anonymous_31)
FN:328,(anonymous_32)
FN:339,(anonymous_33)
FN:342,(anonymous_34)
FN:355,(anonymous_35)
FN:357,(anonymous_36)
FN:362,(anonymous_37)
FN:377,useBookingSocket
FN:387,useProviderSocket
FNF:33
FNH:0
FNDA:0,useSocket
FNDA:0,(anonymous_8)
FNDA:0,(anonymous_9)
FNDA:0,(anonymous_10)
FNDA:0,(anonymous_11)
FNDA:0,(anonymous_12)
FNDA:0,(anonymous_13)
FNDA:0,(anonymous_14)
FNDA:0,(anonymous_15)
FNDA:0,(anonymous_16)
FNDA:0,(anonymous_17)
FNDA:0,(anonymous_18)
FNDA:0,(anonymous_19)
FNDA:0,(anonymous_20)
FNDA:0,(anonymous_21)
FNDA:0,(anonymous_22)
FNDA:0,(anonymous_23)
FNDA:0,(anonymous_24)
FNDA:0,(anonymous_25)
FNDA:0,(anonymous_26)
FNDA:0,(anonymous_27)
FNDA:0,(anonymous_28)
FNDA:0,(anonymous_29)
FNDA:0,(anonymous_30)
FNDA:0,(anonymous_31)
FNDA:0,(anonymous_32)
FNDA:0,(anonymous_33)
FNDA:0,(anonymous_34)
FNDA:0,(anonymous_35)
FNDA:0,(anonymous_36)
FNDA:0,(anonymous_37)
FNDA:0,useBookingSocket
FNDA:0,useProviderSocket
DA:11,0
DA:12,0
DA:13,0
DA:42,0
DA:53,0
DA:55,0
DA:63,0
DA:64,0
DA:65,0
DA:66,0
DA:69,0
DA:70,0
DA:71,0
DA:74,0
DA:76,0
DA:77,0
DA:81,0
DA:91,0
DA:94,0
DA:95,0
DA:101,0
DA:109,0
DA:112,0
DA:113,0
DA:121,0
DA:122,0
DA:126,0
DA:127,0
DA:133,0
DA:139,0
DA:142,0
DA:143,0
DA:147,0
DA:148,0
DA:154,0
DA:162,0
DA:165,0
DA:166,0
DA:170,0
DA:171,0
DA:178,0
DA:179,0
DA:185,0
DA:192,0
DA:193,0
DA:200,0
DA:201,0
DA:204,0
DA:205,0
DA:212,0
DA:213,0
DA:216,0
DA:217,0
DA:224,0
DA:225,0
DA:228,0
DA:229,0
DA:236,0
DA:237,0
DA:241,0
DA:247,0
DA:254,0
DA:255,0
DA:261,0
DA:262,0
DA:264,0
DA:265,0
DA:273,0
DA:280,0
DA:281,0
DA:282,0
DA:289,0
DA:298,0
DA:299,0
DA:301,0
DA:302,0
DA:308,0
DA:312,0
DA:313,0
DA:315,0
DA:316,0
DA:317,0
DA:318,0
DA:321,0
DA:328,0
DA:329,0
DA:330,0
DA:331,0
DA:334,0
DA:335,0
DA:339,0
DA:340,0
DA:342,0
DA:343,0
DA:344,0
DA:345,0
DA:347,0
DA:348,0
DA:349,0
DA:355,0
DA:356,0
DA:357,0
DA:358,0
DA:362,0
DA:363,0
DA:364,0
DA:369,0
DA:377,0
DA:378,0
DA:387,0
DA:388,0
LF:111
LH:0
BRDA:42,0,0,0
BRDA:46,1,0,0
BRDA:47,2,0,0
BRDA:70,3,0,0
BRDA:70,4,0,0
BRDA:70,4,1,0
BRDA:70,5,0,0
BRDA:70,5,1,0
BRDA:77,6,0,0
BRDA:77,6,1,0
BRDA:109,7,0,0
BRDA:109,7,1,0
BRDA:109,8,0,0
BRDA:109,8,1,0
BRDA:112,9,0,0
BRDA:112,10,0,0
BRDA:112,10,1,0
BRDA:121,11,0,0
BRDA:139,12,0,0
BRDA:139,12,1,0
BRDA:139,13,0,0
BRDA:139,13,1,0
BRDA:142,14,0,0
BRDA:142,15,0,0
BRDA:142,15,1,0
BRDA:162,16,0,0
BRDA:162,16,1,0
BRDA:162,17,0,0
BRDA:162,17,1,0
BRDA:165,18,0,0
BRDA:165,19,0,0
BRDA:165,19,1,0
BRDA:201,20,0,0
BRDA:201,20,1,0
BRDA:201,21,0,0
BRDA:201,21,1,0
BRDA:213,22,0,0
BRDA:213,22,1,0
BRDA:213,23,0,0
BRDA:213,23,1,0
BRDA:225,24,0,0
BRDA:225,24,1,0
BRDA:225,25,0,0
BRDA:225,25,1,0
BRDA:237,26,0,0
BRDA:237,26,1,0
BRDA:237,27,0,0
BRDA:237,27,1,0
BRDA:254,28,0,0
BRDA:254,29,0,0
BRDA:254,29,1,0
BRDA:262,30,0,0
BRDA:262,31,0,0
BRDA:262,31,1,0
BRDA:280,32,0,0
BRDA:285,33,0,0
BRDA:285,33,1,0
BRDA:285,34,0,0
BRDA:285,34,1,0
BRDA:285,35,0,0
BRDA:285,35,1,0
BRDA:299,36,0,0
BRDA:313,37,0,0
BRDA:316,38,0,0
BRDA:329,39,0,0
BRDA:343,40,0,0
BRDA:348,41,0,0
BRDA:356,42,0,0
BRDA:356,43,0,0
BRDA:356,43,1,0
BRDA:363,44,0,0
BRF:71
BRH:0
end_of_record
TN:
SF:lib\socket-server.ts
FN:10,broadcastBookingAccepted
FN:19,broadcastPaymentStatusChange
FN:28,broadcastPayoutStatusChange
FN:36,broadcastNotification
FN:45,initSocketServer
FN:50,getSocketServer
FNF:6
FNH:0
FNDA:0,broadcastBookingAccepted
FNDA:0,broadcastPaymentStatusChange
FNDA:0,broadcastPayoutStatusChange
FNDA:0,broadcastNotification
FNDA:0,initSocketServer
FNDA:0,getSocketServer
DA:7,0
DA:10,0
DA:11,0
DA:19,0
DA:20,0
DA:28,0
DA:29,0
DA:36,0
DA:37,0
DA:45,0
DA:46,0
DA:47,0
DA:50,0
DA:51,0
DA:52,0
LF:15
LH:0
BRF:0
BRH:0
end_of_record
TN:
SF:lib\toast.ts
FN:4,(anonymous_7)
FN:12,(anonymous_8)
FN:20,(anonymous_9)
FN:28,(anonymous_10)
FN:35,(anonymous_11)
FN:43,(anonymous_12)
FN:43,(anonymous_13)
FN:55,(anonymous_14)
FNF:8
FNH:0
FNDA:0,(anonymous_7)
FNDA:0,(anonymous_8)
FNDA:0,(anonymous_9)
FNDA:0,(anonymous_10)
FNDA:0,(anonymous_11)
FNDA:0,(anonymous_12)
FNDA:0,(anonymous_13)
FNDA:0,(anonymous_14)
DA:1,0
DA:3,0
DA:5,0
DA:13,0
DA:21,0
DA:29,0
DA:36,0
DA:43,0
DA:44,0
DA:45,0
DA:46,0
DA:47,0
DA:48,0
DA:50,0
DA:51,0
DA:55,0
DA:56,0
DA:57,0
DA:58,0
LF:19
LH:0
BRDA:6,0,0,0
BRDA:6,0,1,0
BRDA:14,1,0,0
BRDA:14,1,1,0
BRDA:22,2,0,0
BRDA:22,2,1,0
BRDA:30,3,0,0
BRDA:30,3,1,0
BRDA:37,4,0,0
BRDA:37,4,1,0
BRDA:43,5,0,0
BRDA:46,6,0,0
BRDA:46,6,1,0
BRDA:46,6,2,0
BRDA:55,7,0,0
BRDA:56,8,0,0
BRDA:56,8,1,0
BRF:17
BRH:0
end_of_record
TN:
SF:lib\transfer-retry.ts
FN:42,calculateDelay
FN:50,sleep
FN:51,(anonymous_9)
FN:57,retryFailedTransfer
FN:58,(anonymous_11)
FN:160,scheduleTransferRetry
FN:161,(anonymous_13)
FN:287,handleTransferFailureWithRetry
FN:288,(anonymous_15)
FN:300,(anonymous_16)
FNF:10
FNH:0
FNDA:0,calculateDelay
FNDA:0,sleep
FNDA:0,(anonymous_9)
FNDA:0,retryFailedTransfer
FNDA:0,(anonymous_11)
FNDA:0,scheduleTransferRetry
FNDA:0,(anonymous_13)
FNDA:0,handleTransferFailureWithRetry
FNDA:0,(anonymous_15)
FNDA:0,(anonymous_16)
DA:8,0
DA:9,0
DA:10,0
DA:19,0
DA:43,0
DA:44,0
DA:51,0
DA:57,0
DA:58,0
DA:61,0
DA:63,0
DA:78,0
DA:80,0
DA:89,0
DA:91,0
DA:92,0
DA:96,0
DA:105,0
DA:111,0
DA:116,0
DA:130,0
DA:136,0
DA:150,0
DA:160,0
DA:161,0
DA:164,0
DA:166,0
DA:183,0
DA:184,0
DA:188,0
DA:191,0
DA:192,0
DA:196,0
DA:200,0
DA:214,0
DA:215,0
DA:217,0
DA:219,0
DA:220,0
DA:231,0
DA:235,0
DA:236,0
DA:241,0
DA:255,0
DA:259,0
DA:260,0
DA:272,0
DA:276,0
DA:287,0
DA:288,0
DA:292,0
DA:293,0
DA:300,0
DA:303,0
LF:54
LH:0
BRDA:59,0,0,0
BRDA:91,1,0,0
BRDA:91,2,0,0
BRDA:91,2,1,0
BRDA:91,3,0,0
BRDA:91,3,1,0
BRDA:162,4,0,0
BRDA:183,5,0,0
BRDA:191,6,0,0
BRDA:208,7,0,0
BRDA:208,7,1,0
BRDA:208,8,0,0
BRDA:208,8,1,0
BRDA:208,9,0,0
BRDA:208,9,1,0
BRDA:219,10,0,0
BRDA:235,11,0,0
BRDA:290,12,0,0
BRF:18
BRH:0
end_of_record
TN:
SF:lib\utils.ts
FN:5,cn
FN:9,sendEmail
FN:9,(anonymous_10)
FN:18,generateSecureToken
FNF:4
FNH:0
FNDA:0,cn
FNDA:0,sendEmail
FNDA:0,(anonymous_10)
FNDA:0,generateSecureToken
DA:1,0
DA:2,0
DA:3,0
DA:5,0
DA:6,0
DA:9,0
DA:11,0
DA:12,0
DA:13,0
DA:14,0
DA:15,0
DA:18,0
DA:19,0
LF:13
LH:0
BRDA:18,0,0,0
BRF:1
BRH:0
end_of_record
TN:
SF:lib\validation.ts
FN:66,(anonymous_0)
FN:89,(anonymous_1)
FN:97,(anonymous_2)
FN:104,(anonymous_3)
FNF:4
FNH:0
FNDA:0,(anonymous_0)
FNDA:0,(anonymous_1)
FNDA:0,(anonymous_2)
FNDA:0,(anonymous_3)
DA:1,0
DA:4,0
DA:7,0
DA:10,0
DA:13,0
DA:19,0
DA:27,0
DA:32,0
DA:38,0
DA:62,0
DA:66,0
DA:79,0
DA:89,0
DA:90,0
DA:91,0
DA:92,0
DA:94,0
DA:95,0
DA:97,0
DA:100,0
DA:104,0
DA:105,0
LF:22
LH:0
BRDA:94,0,0,0
BRF:1
BRH:0
end_of_record
TN:
SF:lib\config\paystack-config.ts
FN:85,(anonymous_0)
FN:89,(anonymous_1)
FN:91,(anonymous_2)
FN:95,(anonymous_3)
FN:103,(anonymous_4)
FN:105,(anonymous_5)
FN:108,(anonymous_6)
FN:113,(anonymous_7)
FNF:8
FNH:0
FNDA:0,(anonymous_0)
FNDA:0,(anonymous_1)
FNDA:0,(anonymous_2)
FNDA:0,(anonymous_3)
FNDA:0,(anonymous_4)
FNDA:0,(anonymous_5)
FNDA:0,(anonymous_6)
FNDA:0,(anonymous_7)
DA:3,0
DA:85,0
DA:86,0
DA:89,0
DA:91,0
DA:92,0
DA:95,0
DA:96,0
DA:97,0
DA:99,0
DA:103,0
DA:104,0
DA:105,0
DA:108,0
DA:109,0
DA:113,0
DA:114,0
DA:115,0
DA:123,0
LF:19
LH:0
BRDA:5,0,0,0
BRDA:5,0,1,0
BRDA:10,1,0,0
BRDA:10,1,1,0
BRDA:11,2,0,0
BRDA:11,2,1,0
BRDA:12,3,0,0
BRDA:12,3,1,0
BRDA:55,4,0,0
BRDA:55,4,1,0
BRDA:56,5,0,0
BRDA:56,5,1,0
BRDA:57,6,0,0
BRDA:57,6,1,0
BRDA:86,7,0,0
BRDA:86,7,1,0
BRDA:96,8,0,0
BRDA:114,9,0,0
BRF:18
BRH:0
end_of_record
